<?xml version="1.0" encoding="UTF-8"?>
<coverage generated="1775433430297" clover="3.2.0">
  <project timestamp="1775433430297" name="All files">
    <metrics statements="336" coveredstatements="336" conditionals="111" coveredconditionals="111" methods="77" coveredmethods="77" elements="524" coveredelements="524" complexity="0" loc="336" ncloc="336" packages="6" files="8" classes="8"/>
    <package name="app">
      <metrics statements="14" coveredstatements="14" conditionals="0" coveredconditionals="0" methods="12" coveredmethods="12"/>
      <file name="app.component.ts" path="C:\Users\athit\Demo Projects\2-payflow-payment-app\src\app\app.component.ts">
        <metrics statements="3" coveredstatements="3" conditionals="0" coveredconditionals="0" methods="0" coveredmethods="0"/>
        <line num="1" count="1" type="stmt"/>
        <line num="2" count="1" type="stmt"/>
        <line num="79" count="1" type="stmt"/>
      </file>
      <file name="app.config.ts" path="C:\Users\athit\Demo Projects\2-payflow-payment-app\src\app\app.config.ts">
        <metrics statements="6" coveredstatements="6" conditionals="0" coveredconditionals="0" methods="0" coveredmethods="0"/>
        <line num="1" count="1" type="stmt"/>
        <line num="2" count="1" type="stmt"/>
        <line num="3" count="1" type="stmt"/>
        <line num="4" count="1" type="stmt"/>
        <line num="5" count="1" type="stmt"/>
        <line num="7" count="1" type="stmt"/>
      </file>
      <file name="app.routes.ts" path="C:\Users\athit\Demo Projects\2-payflow-payment-app\src\app\app.routes.ts">
        <metrics statements="5" coveredstatements="5" conditionals="0" coveredconditionals="0" methods="12" coveredmethods="12"/>
        <line num="3" count="2" type="stmt"/>
        <line num="7" count="1" type="stmt"/>
        <line num="13" count="1" type="stmt"/>
        <line num="19" count="1" type="stmt"/>
        <line num="25" count="1" type="stmt"/>
      </file>
    </package>
    <package name="app.core.services">
      <metrics statements="19" coveredstatements="19" conditionals="8" coveredconditionals="8" methods="7" coveredmethods="7"/>
      <file name="payment.service.ts" path="C:\Users\athit\Demo Projects\2-payflow-payment-app\src\app\core\services\payment.service.ts">
        <metrics statements="19" coveredstatements="19" conditionals="8" coveredconditionals="8" methods="7" coveredmethods="7"/>
        <line num="1" count="5" type="stmt"/>
        <line num="2" count="5" type="stmt"/>
        <line num="4" count="5" type="stmt"/>
        <line num="31" count="5" type="stmt"/>
        <line num="32" count="14" type="stmt"/>
        <line num="33" count="14" type="stmt"/>
        <line num="36" count="3" type="stmt"/>
        <line num="44" count="1" type="stmt"/>
        <line num="55" count="2" type="stmt"/>
        <line num="64" count="2" type="stmt"/>
        <line num="65" count="2" type="cond" truecount="1" falsecount="0"/>
        <line num="66" count="1" type="stmt"/>
        <line num="68" count="2" type="cond" truecount="1" falsecount="0"/>
        <line num="69" count="1" type="stmt"/>
        <line num="71" count="2" type="stmt"/>
        <line num="75" count="1" type="stmt"/>
        <line num="79" count="5" type="stmt"/>
        <line num="80" count="5" type="cond" truecount="1" falsecount="0"/>
        <line num="81" count="5" type="stmt"/>
      </file>
    </package>
    <package name="app.features.failure">
      <metrics statements="29" coveredstatements="29" conditionals="10" coveredconditionals="10" methods="7" coveredmethods="7"/>
      <file name="failure.component.ts" path="C:\Users\athit\Demo Projects\2-payflow-payment-app\src\app\features\failure\failure.component.ts">
        <metrics statements="29" coveredstatements="29" conditionals="10" coveredconditionals="10" methods="7" coveredmethods="7"/>
        <line num="1" count="2" type="stmt"/>
        <line num="2" count="2" type="stmt"/>
        <line num="3" count="2" type="stmt"/>
        <line num="144" count="2" type="stmt"/>
        <line num="145" count="4" type="stmt"/>
        <line num="147" count="4" type="stmt"/>
        <line num="148" count="4" type="stmt"/>
        <line num="149" count="4" type="stmt"/>
        <line num="150" count="4" type="stmt"/>
        <line num="151" count="4" type="stmt"/>
        <line num="154" count="4" type="stmt"/>
        <line num="155" count="4" type="cond" truecount="1" falsecount="0"/>
        <line num="156" count="4" type="cond" truecount="2" falsecount="0"/>
        <line num="157" count="4" type="cond" truecount="2" falsecount="0"/>
        <line num="158" count="4" type="cond" truecount="1" falsecount="0"/>
        <line num="159" count="3" type="stmt"/>
        <line num="164" count="5" type="cond" truecount="1" falsecount="0"/>
        <line num="165" count="2" type="stmt"/>
        <line num="166" count="2" type="stmt"/>
        <line num="171" count="1" type="stmt"/>
        <line num="175" count="1" type="stmt"/>
        <line num="179" count="3" type="stmt"/>
        <line num="180" count="3" type="stmt"/>
        <line num="181" count="123" type="stmt"/>
        <line num="182" count="123" type="cond" truecount="3" falsecount="0"/>
        <line num="183" count="1" type="stmt"/>
        <line num="184" count="1" type="stmt"/>
        <line num="187" count="3" type="stmt"/>
        <line num="188" count="3" type="stmt"/>
      </file>
    </package>
    <package name="app.features.payment-form">
      <metrics statements="214" coveredstatements="214" conditionals="77" coveredconditionals="77" methods="35" coveredmethods="35"/>
      <file name="payment-form.component.ts" path="C:\Users\athit\Demo Projects\2-payflow-payment-app\src\app\features\payment-form\payment-form.component.ts">
        <metrics statements="214" coveredstatements="214" conditionals="77" coveredconditionals="77" methods="35" coveredmethods="35"/>
        <line num="1" count="2" type="stmt"/>
        <line num="11" count="2" type="stmt"/>
        <line num="12" count="2" type="stmt"/>
        <line num="13" count="2" type="stmt"/>
        <line num="14" count="2" type="stmt"/>
        <line num="15" count="2" type="stmt"/>
        <line num="16" count="2" type="stmt"/>
        <line num="17" count="2" type="stmt"/>
        <line num="18" count="2" type="stmt"/>
        <line num="19" count="2" type="stmt"/>
        <line num="865" count="2" type="stmt"/>
        <line num="868" count="45" type="stmt"/>
        <line num="869" count="45" type="stmt"/>
        <line num="870" count="45" type="stmt"/>
        <line num="871" count="45" type="stmt"/>
        <line num="874" count="45" type="stmt"/>
        <line num="875" count="45" type="stmt"/>
        <line num="878" count="45" type="stmt"/>
        <line num="879" count="45" type="stmt"/>
        <line num="880" count="45" type="stmt"/>
        <line num="881" count="45" type="stmt"/>
        <line num="882" count="45" type="stmt"/>
        <line num="883" count="45" type="stmt"/>
        <line num="884" count="45" type="stmt"/>
        <line num="887" count="45" type="stmt"/>
        <line num="888" count="45" type="stmt"/>
        <line num="891" count="45" type="stmt"/>
        <line num="892" count="45" type="stmt"/>
        <line num="893" count="45" type="stmt"/>
        <line num="894" count="45" type="stmt"/>
        <line num="897" count="45" type="stmt"/>
        <line num="899" count="45" type="stmt"/>
        <line num="900" count="45" type="stmt"/>
        <line num="901" count="45" type="stmt"/>
        <line num="902" count="45" type="stmt"/>
        <line num="903" count="45" type="stmt"/>
        <line num="904" count="45" type="stmt"/>
        <line num="906" count="45" type="stmt"/>
        <line num="908" count="45" type="stmt"/>
        <line num="910" count="45" type="stmt"/>
        <line num="920" count="6" type="stmt"/>
        <line num="921" count="6" type="stmt"/>
        <line num="922" count="6" type="cond" truecount="1" falsecount="0"/>
        <line num="923" count="6" type="cond" truecount="1" falsecount="0"/>
        <line num="924" count="6" type="cond" truecount="1" falsecount="0"/>
        <line num="929" count="1" type="stmt"/>
        <line num="933" count="46" type="stmt"/>
        <line num="934" count="46" type="stmt"/>
        <line num="935" count="46" type="stmt"/>
        <line num="941" count="6" type="stmt"/>
        <line num="942" count="6" type="stmt"/>
        <line num="944" count="5" type="stmt"/>
        <line num="945" count="5" type="stmt"/>
        <line num="946" count="5" type="stmt"/>
        <line num="947" count="5" type="stmt"/>
        <line num="949" count="5" type="cond" truecount="1" falsecount="0"/>
        <line num="950" count="1" type="stmt"/>
        <line num="951" count="1" type="stmt"/>
        <line num="952" count="1" type="stmt"/>
        <line num="956" count="4" type="cond" truecount="1" falsecount="0"/>
        <line num="957" count="3" type="stmt"/>
        <line num="958" count="3" type="stmt"/>
        <line num="959" count="3" type="cond" truecount="2" falsecount="0"/>
        <line num="960" count="2" type="stmt"/>
        <line num="961" count="2" type="cond" truecount="1" falsecount="0"/>
        <line num="962" count="1" type="stmt"/>
        <line num="963" count="1" type="stmt"/>
        <line num="966" count="1" type="stmt"/>
        <line num="971" count="1" type="stmt"/>
        <line num="974" count="1" type="stmt"/>
        <line num="980" count="2" type="cond" truecount="1" falsecount="0"/>
        <line num="986" count="50" type="stmt"/>
        <line num="990" count="5" type="stmt"/>
        <line num="991" count="5" type="stmt"/>
        <line num="992" count="5" type="stmt"/>
        <line num="993" count="8" type="stmt"/>
        <line num="994" count="8" type="stmt"/>
        <line num="995" count="8" type="cond" truecount="1" falsecount="0"/>
        <line num="996" count="2" type="stmt"/>
        <line num="997" count="2" type="stmt"/>
        <line num="998" count="2" type="cond" truecount="3" falsecount="0"/>
        <line num="999" count="1" type="stmt"/>
        <line num="1003" count="5" type="stmt"/>
        <line num="1004" count="5" type="stmt"/>
        <line num="1007" count="45" type="stmt"/>
        <line num="1008" count="45" type="stmt"/>
        <line num="1011" count="53" type="cond" truecount="1" falsecount="0"/>
        <line num="1012" count="5" type="stmt"/>
        <line num="1013" count="5" type="stmt"/>
        <line num="1018" count="13" type="stmt"/>
        <line num="1019" count="13" type="cond" truecount="4" falsecount="0"/>
        <line num="1021" count="4" type="stmt"/>
        <line num="1022" count="4" type="stmt"/>
        <line num="1023" count="4" type="stmt"/>
        <line num="1025" count="4" type="stmt"/>
        <line num="1058" count="4" type="stmt"/>
        <line num="1075" count="4" type="stmt"/>
        <line num="1077" count="4" type="stmt"/>
        <line num="1078" count="1" type="stmt"/>
        <line num="1081" count="4" type="stmt"/>
        <line num="1082" count="2" type="cond" truecount="2" falsecount="0"/>
        <line num="1085" count="4" type="stmt"/>
        <line num="1089" count="13" type="stmt"/>
        <line num="1090" count="13" type="stmt"/>
        <line num="1091" count="13" type="stmt"/>
        <line num="1097" count="10" type="stmt"/>
        <line num="1098" count="10" type="stmt"/>
        <line num="1099" count="10" type="stmt"/>
        <line num="1100" count="10" type="stmt"/>
        <line num="1101" count="10" type="stmt"/>
        <line num="1105" count="7" type="stmt"/>
        <line num="1116" count="3" type="stmt"/>
        <line num="1117" count="9" type="stmt"/>
        <line num="1118" count="9" type="stmt"/>
        <line num="1119" count="3" type="cond" truecount="1" falsecount="0"/>
        <line num="1120" count="2" type="stmt"/>
        <line num="1125" count="2" type="stmt"/>
        <line num="1131" count="7" type="stmt"/>
        <line num="1134" count="1" type="stmt"/>
        <line num="1140" count="5" type="stmt"/>
        <line num="1141" count="5" type="stmt"/>
        <line num="1142" count="5" type="stmt"/>
        <line num="1143" count="5" type="stmt"/>
        <line num="1144" count="4" type="cond" truecount="1" falsecount="0"/>
        <line num="1145" count="3" type="stmt"/>
        <line num="1146" count="3" type="cond" truecount="1" falsecount="0"/>
        <line num="1147" count="3" type="stmt"/>
        <line num="1150" count="1" type="stmt"/>
        <line num="1157" count="2" type="stmt"/>
        <line num="1158" count="2" type="stmt"/>
        <line num="1159" count="2" type="cond" truecount="3" falsecount="0"/>
        <line num="1160" count="1" type="stmt"/>
        <line num="1167" count="5" type="cond" truecount="3" falsecount="0"/>
        <line num="1169" count="3" type="stmt"/>
        <line num="1170" count="3" type="stmt"/>
        <line num="1171" count="3" type="cond" truecount="2" falsecount="0"/>
        <line num="1172" count="2" type="stmt"/>
        <line num="1173" count="2" type="stmt"/>
        <line num="1179" count="1" type="stmt"/>
        <line num="1186" count="1" type="cond" truecount="1" falsecount="0"/>
        <line num="1187" count="1" type="stmt"/>
        <line num="1188" count="1" type="stmt"/>
        <line num="1189" count="1" type="stmt"/>
        <line num="1194" count="1" type="stmt"/>
        <line num="1195" count="1" type="stmt"/>
        <line num="1196" count="1" type="stmt"/>
        <line num="1211" count="20" type="cond" truecount="1" falsecount="0"/>
        <line num="1214" count="19" type="cond" truecount="1" falsecount="0"/>
        <line num="1215" count="1" type="stmt"/>
        <line num="1216" count="1" type="stmt"/>
        <line num="1218" count="18" type="cond" truecount="1" falsecount="0"/>
        <line num="1219" count="1" type="stmt"/>
        <line num="1220" count="1" type="stmt"/>
        <line num="1222" count="17" type="cond" truecount="3" falsecount="0"/>
        <line num="1223" count="1" type="stmt"/>
        <line num="1224" count="1" type="stmt"/>
        <line num="1226" count="16" type="cond" truecount="1" falsecount="0"/>
        <line num="1227" count="1" type="stmt"/>
        <line num="1228" count="1" type="stmt"/>
        <line num="1230" count="15" type="cond" truecount="1" falsecount="0"/>
        <line num="1231" count="1" type="stmt"/>
        <line num="1232" count="1" type="stmt"/>
        <line num="1235" count="14" type="stmt"/>
        <line num="1236" count="14" type="stmt"/>
        <line num="1237" count="14" type="stmt"/>
        <line num="1239" count="14" type="stmt"/>
        <line num="1243" count="14" type="stmt"/>
        <line num="1249" count="6" type="stmt"/>
        <line num="1255" count="6" type="stmt"/>
        <line num="1256" count="6" type="stmt"/>
        <line num="1258" count="6" type="cond" truecount="1" falsecount="0"/>
        <line num="1260" count="5" type="stmt"/>
        <line num="1261" count="5" type="stmt"/>
        <line num="1274" count="5" type="stmt"/>
        <line num="1275" count="5" type="stmt"/>
        <line num="1276" count="5" type="stmt"/>
        <line num="1277" count="5" type="stmt"/>
        <line num="1278" count="5" type="cond" truecount="2" falsecount="0"/>
        <line num="1281" count="5" type="stmt"/>
        <line num="1284" count="5" type="stmt"/>
        <line num="1285" count="5" type="stmt"/>
        <line num="1288" count="1" type="cond" truecount="1" falsecount="0"/>
        <line num="1289" count="1" type="stmt"/>
        <line num="1290" count="1" type="stmt"/>
        <line num="1298" count="1" type="stmt"/>
        <line num="1299" count="1" type="stmt"/>
        <line num="1303" count="8" type="stmt"/>
        <line num="1304" count="8" type="stmt"/>
        <line num="1305" count="8" type="cond" truecount="2" falsecount="0"/>
        <line num="1307" count="8" type="cond" truecount="2" falsecount="0"/>
        <line num="1316" count="2" type="stmt"/>
        <line num="1317" count="2" type="cond" truecount="2" falsecount="0"/>
        <line num="1318" count="6" type="cond" truecount="4" falsecount="0"/>
        <line num="1319" count="2" type="cond" truecount="2" falsecount="0"/>
        <line num="1320" count="1" type="stmt"/>
        <line num="1321" count="1" type="stmt"/>
        <line num="1322" count="1" type="stmt"/>
        <line num="1324" count="1" type="stmt"/>
        <line num="1326" count="4" type="cond" truecount="2" falsecount="0"/>
        <line num="1327" count="1" type="stmt"/>
        <line num="1328" count="1" type="stmt"/>
        <line num="1329" count="1" type="stmt"/>
        <line num="1331" count="3" type="stmt"/>
        <line num="1332" count="3" type="stmt"/>
        <line num="1333" count="3" type="cond" truecount="2" falsecount="0"/>
        <line num="1336" count="14" type="stmt"/>
        <line num="1343" count="9" type="stmt"/>
        <line num="1344" count="9" type="stmt"/>
        <line num="1345" count="9" type="stmt"/>
        <line num="1346" count="9" type="stmt"/>
        <line num="1347" count="36" type="stmt"/>
        <line num="1348" count="36" type="cond" truecount="1" falsecount="0"/>
        <line num="1349" count="9" type="stmt"/>
        <line num="1350" count="9" type="stmt"/>
      </file>
    </package>
    <package name="app.features.success">
      <metrics statements="20" coveredstatements="20" conditionals="10" coveredconditionals="10" methods="3" coveredmethods="3"/>
      <file name="success.component.ts" path="C:\Users\athit\Demo Projects\2-payflow-payment-app\src\app\features\success\success.component.ts">
        <metrics statements="20" coveredstatements="20" conditionals="10" coveredconditionals="10" methods="3" coveredmethods="3"/>
        <line num="1" count="2" type="stmt"/>
        <line num="2" count="2" type="stmt"/>
        <line num="3" count="2" type="stmt"/>
        <line num="4" count="2" type="stmt"/>
        <line num="243" count="2" type="stmt"/>
        <line num="244" count="2" type="stmt"/>
        <line num="246" count="2" type="stmt"/>
        <line num="247" count="2" type="stmt"/>
        <line num="248" count="2" type="stmt"/>
        <line num="249" count="2" type="stmt"/>
        <line num="250" count="2" type="stmt"/>
        <line num="252" count="24" type="stmt"/>
        <line num="258" count="2" type="cond" truecount="2" falsecount="0"/>
        <line num="259" count="2" type="cond" truecount="2" falsecount="0"/>
        <line num="260" count="2" type="cond" truecount="2" falsecount="0"/>
        <line num="261" count="2" type="cond" truecount="2" falsecount="0"/>
        <line num="263" count="2" type="stmt"/>
        <line num="264" count="2" type="cond" truecount="1" falsecount="0"/>
        <line num="265" count="2" type="cond" truecount="1" falsecount="0"/>
        <line num="266" count="2" type="stmt"/>
      </file>
    </package>
    <package name="app.features.transaction-history">
      <metrics statements="40" coveredstatements="40" conditionals="6" coveredconditionals="6" methods="13" coveredmethods="13"/>
      <file name="transaction-history.component.ts" path="C:\Users\athit\Demo Projects\2-payflow-payment-app\src\app\features\transaction-history\transaction-history.component.ts">
        <metrics statements="40" coveredstatements="40" conditionals="6" coveredconditionals="6" methods="13" coveredmethods="13"/>
        <line num="1" count="2" type="stmt"/>
        <line num="2" count="2" type="stmt"/>
        <line num="3" count="2" type="stmt"/>
        <line num="4" count="2" type="stmt"/>
        <line num="5" count="2" type="stmt"/>
        <line num="221" count="2" type="stmt"/>
        <line num="222" count="2" type="stmt"/>
        <line num="224" count="2" type="stmt"/>
        <line num="225" count="2" type="stmt"/>
        <line num="226" count="2" type="stmt"/>
        <line num="227" count="2" type="stmt"/>
        <line num="228" count="2" type="stmt"/>
        <line num="229" count="2" type="stmt"/>
        <line num="231" count="2" type="stmt"/>
        <line num="239" count="2" type="stmt"/>
        <line num="243" count="2" type="stmt"/>
        <line num="244" count="2" type="stmt"/>
        <line num="245" count="2" type="cond" truecount="2" falsecount="0"/>
        <line num="247" count="1" type="stmt"/>
        <line num="248" count="1" type="stmt"/>
        <line num="249" count="1" type="stmt"/>
        <line num="250" count="1" type="stmt"/>
        <line num="251" count="1" type="stmt"/>
        <line num="254" count="1" type="stmt"/>
        <line num="255" count="1" type="stmt"/>
        <line num="256" count="1" type="stmt"/>
        <line num="257" count="1" type="stmt"/>
        <line num="258" count="1" type="stmt"/>
        <line num="264" count="1" type="stmt"/>
        <line num="265" count="1" type="cond" truecount="2" falsecount="0"/>
        <line num="267" count="1" type="stmt"/>
        <line num="273" count="2" type="stmt"/>
        <line num="279" count="2" type="cond" truecount="2" falsecount="0"/>
        <line num="283" count="2" type="stmt"/>
        <line num="284" count="2" type="stmt"/>
        <line num="285" count="2" type="stmt"/>
        <line num="287" count="2" type="stmt"/>
        <line num="288" count="2" type="stmt"/>
        <line num="289" count="2" type="stmt"/>
        <line num="290" count="2" type="stmt"/>
      </file>
    </package>
  </project>
</coverage>
