<?xml version="1.0" encoding="UTF-8"?>
<coverage generated="1775323496340" clover="3.2.0">
  <project timestamp="1775323496340" name="All files">
    <metrics statements="300" coveredstatements="300" conditionals="97" coveredconditionals="85" methods="70" coveredmethods="68" elements="467" coveredelements="453" complexity="0" loc="300" ncloc="300" packages="6" files="8" classes="8"/>
    <package name="app">
      <metrics statements="14" coveredstatements="14" conditionals="0" coveredconditionals="0" methods="12" coveredmethods="12"/>
      <file name="app.component.ts" path="C:\Users\athit\Demo Projects\2-payflow-payment-app\src\app\app.component.ts">
        <metrics statements="3" coveredstatements="3" conditionals="0" coveredconditionals="0" methods="0" coveredmethods="0"/>
        <line num="1" count="1" type="stmt"/>
        <line num="2" count="1" type="stmt"/>
        <line num="79" count="1" type="stmt"/>
      </file>
      <file name="app.config.ts" path="C:\Users\athit\Demo Projects\2-payflow-payment-app\src\app\app.config.ts">
        <metrics statements="6" coveredstatements="6" conditionals="0" coveredconditionals="0" methods="0" coveredmethods="0"/>
        <line num="1" count="1" type="stmt"/>
        <line num="2" count="1" type="stmt"/>
        <line num="3" count="1" type="stmt"/>
        <line num="4" count="1" type="stmt"/>
        <line num="5" count="1" type="stmt"/>
        <line num="7" count="1" type="stmt"/>
      </file>
      <file name="app.routes.ts" path="C:\Users\athit\Demo Projects\2-payflow-payment-app\src\app\app.routes.ts">
        <metrics statements="5" coveredstatements="5" conditionals="0" coveredconditionals="0" methods="12" coveredmethods="12"/>
        <line num="3" count="2" type="stmt"/>
        <line num="7" count="1" type="stmt"/>
        <line num="13" count="1" type="stmt"/>
        <line num="19" count="1" type="stmt"/>
        <line num="25" count="1" type="stmt"/>
      </file>
    </package>
    <package name="app.core.services">
      <metrics statements="14" coveredstatements="14" conditionals="6" coveredconditionals="5" methods="7" coveredmethods="7"/>
      <file name="payment.service.ts" path="C:\Users\athit\Demo Projects\2-payflow-payment-app\src\app\core\services\payment.service.ts">
        <metrics statements="14" coveredstatements="14" conditionals="6" coveredconditionals="5" methods="7" coveredmethods="7"/>
        <line num="1" count="5" type="stmt"/>
        <line num="2" count="5" type="stmt"/>
        <line num="4" count="5" type="stmt"/>
        <line num="12" count="5" type="stmt"/>
        <line num="13" count="12" type="stmt"/>
        <line num="14" count="12" type="stmt"/>
        <line num="17" count="2" type="stmt"/>
        <line num="25" count="1" type="stmt"/>
        <line num="36" count="2" type="stmt"/>
        <line num="40" count="1" type="stmt"/>
        <line num="46" count="1" type="stmt"/>
        <line num="50" count="5" type="stmt"/>
        <line num="51" count="5" type="cond" truecount="1" falsecount="0"/>
        <line num="52" count="5" type="stmt"/>
      </file>
    </package>
    <package name="app.features.failure">
      <metrics statements="10" coveredstatements="10" conditionals="3" coveredconditionals="3" methods="2" coveredmethods="2"/>
      <file name="failure.component.ts" path="C:\Users\athit\Demo Projects\2-payflow-payment-app\src\app\features\failure\failure.component.ts">
        <metrics statements="10" coveredstatements="10" conditionals="3" coveredconditionals="3" methods="2" coveredmethods="2"/>
        <line num="1" count="2" type="stmt"/>
        <line num="2" count="2" type="stmt"/>
        <line num="3" count="2" type="stmt"/>
        <line num="128" count="2" type="stmt"/>
        <line num="129" count="2" type="stmt"/>
        <line num="131" count="2" type="stmt"/>
        <line num="132" count="2" type="stmt"/>
        <line num="135" count="2" type="stmt"/>
        <line num="136" count="2" type="cond" truecount="1" falsecount="0"/>
        <line num="137" count="2" type="cond" truecount="2" falsecount="0"/>
      </file>
    </package>
    <package name="app.features.payment-form">
      <metrics statements="202" coveredstatements="202" conditionals="72" coveredconditionals="61" methods="33" coveredmethods="31"/>
      <file name="payment-form.component.ts" path="C:\Users\athit\Demo Projects\2-payflow-payment-app\src\app\features\payment-form\payment-form.component.ts">
        <metrics statements="202" coveredstatements="202" conditionals="72" coveredconditionals="61" methods="33" coveredmethods="31"/>
        <line num="1" count="2" type="stmt"/>
        <line num="11" count="2" type="stmt"/>
        <line num="12" count="2" type="stmt"/>
        <line num="13" count="2" type="stmt"/>
        <line num="14" count="2" type="stmt"/>
        <line num="15" count="2" type="stmt"/>
        <line num="16" count="2" type="stmt"/>
        <line num="17" count="2" type="stmt"/>
        <line num="18" count="2" type="stmt"/>
        <line num="19" count="2" type="stmt"/>
        <line num="833" count="2" type="stmt"/>
        <line num="836" count="33" type="stmt"/>
        <line num="837" count="33" type="stmt"/>
        <line num="838" count="33" type="stmt"/>
        <line num="839" count="33" type="stmt"/>
        <line num="842" count="33" type="stmt"/>
        <line num="843" count="33" type="stmt"/>
        <line num="846" count="33" type="stmt"/>
        <line num="847" count="33" type="stmt"/>
        <line num="848" count="33" type="stmt"/>
        <line num="849" count="33" type="stmt"/>
        <line num="850" count="33" type="stmt"/>
        <line num="851" count="33" type="stmt"/>
        <line num="852" count="33" type="stmt"/>
        <line num="855" count="33" type="stmt"/>
        <line num="856" count="33" type="stmt"/>
        <line num="859" count="33" type="stmt"/>
        <line num="860" count="33" type="stmt"/>
        <line num="861" count="33" type="stmt"/>
        <line num="862" count="33" type="stmt"/>
        <line num="865" count="33" type="stmt"/>
        <line num="867" count="33" type="stmt"/>
        <line num="868" count="33" type="stmt"/>
        <line num="869" count="33" type="stmt"/>
        <line num="870" count="33" type="stmt"/>
        <line num="871" count="33" type="stmt"/>
        <line num="872" count="33" type="stmt"/>
        <line num="874" count="33" type="stmt"/>
        <line num="876" count="33" type="stmt"/>
        <line num="878" count="33" type="stmt"/>
        <line num="888" count="6" type="stmt"/>
        <line num="889" count="6" type="stmt"/>
        <line num="890" count="6" type="cond" truecount="1" falsecount="0"/>
        <line num="891" count="6" type="cond" truecount="1" falsecount="0"/>
        <line num="892" count="6" type="cond" truecount="1" falsecount="0"/>
        <line num="897" count="1" type="stmt"/>
        <line num="901" count="34" type="stmt"/>
        <line num="902" count="34" type="stmt"/>
        <line num="903" count="34" type="stmt"/>
        <line num="909" count="6" type="stmt"/>
        <line num="910" count="6" type="stmt"/>
        <line num="912" count="5" type="stmt"/>
        <line num="913" count="5" type="stmt"/>
        <line num="914" count="5" type="stmt"/>
        <line num="915" count="5" type="stmt"/>
        <line num="917" count="5" type="cond" truecount="1" falsecount="0"/>
        <line num="918" count="1" type="stmt"/>
        <line num="919" count="1" type="stmt"/>
        <line num="920" count="1" type="stmt"/>
        <line num="924" count="4" type="cond" truecount="1" falsecount="0"/>
        <line num="925" count="3" type="stmt"/>
        <line num="926" count="3" type="stmt"/>
        <line num="927" count="3" type="cond" truecount="2" falsecount="0"/>
        <line num="928" count="2" type="stmt"/>
        <line num="929" count="2" type="cond" truecount="1" falsecount="0"/>
        <line num="930" count="1" type="stmt"/>
        <line num="931" count="1" type="stmt"/>
        <line num="934" count="1" type="stmt"/>
        <line num="939" count="1" type="stmt"/>
        <line num="942" count="1" type="stmt"/>
        <line num="948" count="2" type="cond" truecount="1" falsecount="0"/>
        <line num="954" count="36" type="stmt"/>
        <line num="958" count="5" type="stmt"/>
        <line num="959" count="5" type="stmt"/>
        <line num="960" count="5" type="stmt"/>
        <line num="961" count="8" type="stmt"/>
        <line num="962" count="8" type="stmt"/>
        <line num="963" count="8" type="cond" truecount="1" falsecount="0"/>
        <line num="964" count="2" type="stmt"/>
        <line num="965" count="2" type="stmt"/>
        <line num="966" count="2" type="cond" truecount="3" falsecount="0"/>
        <line num="967" count="1" type="stmt"/>
        <line num="971" count="5" type="stmt"/>
        <line num="972" count="5" type="stmt"/>
        <line num="975" count="33" type="stmt"/>
        <line num="976" count="33" type="stmt"/>
        <line num="979" count="41" type="cond" truecount="1" falsecount="0"/>
        <line num="980" count="5" type="stmt"/>
        <line num="981" count="5" type="stmt"/>
        <line num="986" count="7" type="cond" truecount="3" falsecount="0"/>
        <line num="988" count="3" type="stmt"/>
        <line num="989" count="3" type="stmt"/>
        <line num="991" count="3" type="stmt"/>
        <line num="1024" count="3" type="stmt"/>
        <line num="1041" count="3" type="stmt"/>
        <line num="1043" count="3" type="stmt"/>
        <line num="1044" count="1" type="stmt"/>
        <line num="1047" count="3" type="stmt"/>
        <line num="1048" count="1" type="cond" truecount="1" falsecount="1"/>
        <line num="1051" count="3" type="stmt"/>
        <line num="1055" count="6" type="stmt"/>
        <line num="1056" count="6" type="stmt"/>
        <line num="1057" count="6" type="stmt"/>
        <line num="1061" count="4" type="stmt"/>
        <line num="1072" count="2" type="stmt"/>
        <line num="1073" count="8" type="stmt"/>
        <line num="1074" count="8" type="stmt"/>
        <line num="1075" count="2" type="cond" truecount="1" falsecount="0"/>
        <line num="1076" count="1" type="stmt"/>
        <line num="1081" count="1" type="stmt"/>
        <line num="1087" count="7" type="stmt"/>
        <line num="1090" count="1" type="stmt"/>
        <line num="1096" count="4" type="stmt"/>
        <line num="1097" count="4" type="stmt"/>
        <line num="1098" count="4" type="stmt"/>
        <line num="1099" count="4" type="stmt"/>
        <line num="1100" count="3" type="cond" truecount="1" falsecount="0"/>
        <line num="1101" count="2" type="stmt"/>
        <line num="1103" count="1" type="stmt"/>
        <line num="1110" count="1" type="stmt"/>
        <line num="1111" count="1" type="stmt"/>
        <line num="1117" count="3" type="cond" truecount="2" falsecount="1"/>
        <line num="1119" count="3" type="stmt"/>
        <line num="1120" count="3" type="stmt"/>
        <line num="1121" count="3" type="cond" truecount="2" falsecount="0"/>
        <line num="1122" count="2" type="stmt"/>
        <line num="1123" count="2" type="stmt"/>
        <line num="1129" count="1" type="stmt"/>
        <line num="1136" count="1" type="cond" truecount="1" falsecount="0"/>
        <line num="1137" count="1" type="stmt"/>
        <line num="1138" count="1" type="stmt"/>
        <line num="1139" count="1" type="stmt"/>
        <line num="1144" count="1" type="stmt"/>
        <line num="1145" count="1" type="stmt"/>
        <line num="1146" count="1" type="stmt"/>
        <line num="1157" count="15" type="cond" truecount="1" falsecount="0"/>
        <line num="1160" count="14" type="cond" truecount="1" falsecount="0"/>
        <line num="1161" count="1" type="stmt"/>
        <line num="1162" count="1" type="stmt"/>
        <line num="1164" count="13" type="cond" truecount="1" falsecount="0"/>
        <line num="1165" count="1" type="stmt"/>
        <line num="1166" count="1" type="stmt"/>
        <line num="1168" count="12" type="cond" truecount="3" falsecount="0"/>
        <line num="1169" count="1" type="stmt"/>
        <line num="1170" count="1" type="stmt"/>
        <line num="1172" count="11" type="cond" truecount="1" falsecount="0"/>
        <line num="1173" count="1" type="stmt"/>
        <line num="1174" count="1" type="stmt"/>
        <line num="1176" count="10" type="cond" truecount="1" falsecount="0"/>
        <line num="1177" count="1" type="stmt"/>
        <line num="1178" count="1" type="stmt"/>
        <line num="1181" count="9" type="stmt"/>
        <line num="1182" count="9" type="stmt"/>
        <line num="1183" count="9" type="stmt"/>
        <line num="1185" count="9" type="stmt"/>
        <line num="1189" count="9" type="stmt"/>
        <line num="1195" count="4" type="stmt"/>
        <line num="1201" count="4" type="stmt"/>
        <line num="1202" count="4" type="stmt"/>
        <line num="1204" count="4" type="cond" truecount="1" falsecount="0"/>
        <line num="1206" count="3" type="stmt"/>
        <line num="1207" count="3" type="stmt"/>
        <line num="1215" count="3" type="stmt"/>
        <line num="1216" count="3" type="stmt"/>
        <line num="1217" count="3" type="stmt"/>
        <line num="1218" count="3" type="stmt"/>
        <line num="1219" count="3" type="cond" truecount="1" falsecount="1"/>
        <line num="1222" count="3" type="stmt"/>
        <line num="1225" count="3" type="stmt"/>
        <line num="1226" count="3" type="stmt"/>
        <line num="1229" count="1" type="cond" truecount="1" falsecount="0"/>
        <line num="1230" count="1" type="stmt"/>
        <line num="1231" count="1" type="stmt"/>
        <line num="1239" count="1" type="stmt"/>
        <line num="1240" count="1" type="stmt"/>
        <line num="1244" count="5" type="stmt"/>
        <line num="1245" count="5" type="cond" truecount="2" falsecount="0"/>
        <line num="1247" count="5" type="cond" truecount="2" falsecount="0"/>
        <line num="1256" count="1" type="stmt"/>
        <line num="1257" count="1" type="cond" truecount="1" falsecount="1"/>
        <line num="1258" count="4" type="cond" truecount="4" falsecount="0"/>
        <line num="1259" count="2" type="cond" truecount="2" falsecount="0"/>
        <line num="1260" count="1" type="stmt"/>
        <line num="1261" count="1" type="stmt"/>
        <line num="1262" count="1" type="stmt"/>
        <line num="1264" count="1" type="stmt"/>
        <line num="1266" count="2" type="cond" truecount="2" falsecount="0"/>
        <line num="1267" count="1" type="stmt"/>
        <line num="1268" count="1" type="stmt"/>
        <line num="1269" count="1" type="stmt"/>
        <line num="1271" count="1" type="stmt"/>
        <line num="1272" count="1" type="stmt"/>
        <line num="1273" count="1" type="cond" truecount="1" falsecount="1"/>
        <line num="1276" count="9" type="stmt"/>
        <line num="1283" count="7" type="stmt"/>
        <line num="1284" count="7" type="stmt"/>
        <line num="1285" count="7" type="stmt"/>
        <line num="1286" count="7" type="stmt"/>
        <line num="1287" count="28" type="stmt"/>
        <line num="1288" count="28" type="cond" truecount="1" falsecount="0"/>
        <line num="1289" count="7" type="stmt"/>
        <line num="1290" count="7" type="stmt"/>
      </file>
    </package>
    <package name="app.features.success">
      <metrics statements="20" coveredstatements="20" conditionals="10" coveredconditionals="10" methods="3" coveredmethods="3"/>
      <file name="success.component.ts" path="C:\Users\athit\Demo Projects\2-payflow-payment-app\src\app\features\success\success.component.ts">
        <metrics statements="20" coveredstatements="20" conditionals="10" coveredconditionals="10" methods="3" coveredmethods="3"/>
        <line num="1" count="2" type="stmt"/>
        <line num="2" count="2" type="stmt"/>
        <line num="3" count="2" type="stmt"/>
        <line num="4" count="2" type="stmt"/>
        <line num="243" count="2" type="stmt"/>
        <line num="244" count="2" type="stmt"/>
        <line num="246" count="2" type="stmt"/>
        <line num="247" count="2" type="stmt"/>
        <line num="248" count="2" type="stmt"/>
        <line num="249" count="2" type="stmt"/>
        <line num="250" count="2" type="stmt"/>
        <line num="252" count="24" type="stmt"/>
        <line num="258" count="2" type="cond" truecount="2" falsecount="0"/>
        <line num="259" count="2" type="cond" truecount="2" falsecount="0"/>
        <line num="260" count="2" type="cond" truecount="2" falsecount="0"/>
        <line num="261" count="2" type="cond" truecount="2" falsecount="0"/>
        <line num="263" count="2" type="stmt"/>
        <line num="264" count="2" type="cond" truecount="1" falsecount="0"/>
        <line num="265" count="2" type="cond" truecount="1" falsecount="0"/>
        <line num="266" count="2" type="stmt"/>
      </file>
    </package>
    <package name="app.features.transaction-history">
      <metrics statements="40" coveredstatements="40" conditionals="6" coveredconditionals="6" methods="13" coveredmethods="13"/>
      <file name="transaction-history.component.ts" path="C:\Users\athit\Demo Projects\2-payflow-payment-app\src\app\features\transaction-history\transaction-history.component.ts">
        <metrics statements="40" coveredstatements="40" conditionals="6" coveredconditionals="6" methods="13" coveredmethods="13"/>
        <line num="1" count="2" type="stmt"/>
        <line num="2" count="2" type="stmt"/>
        <line num="3" count="2" type="stmt"/>
        <line num="4" count="2" type="stmt"/>
        <line num="5" count="2" type="stmt"/>
        <line num="221" count="2" type="stmt"/>
        <line num="222" count="2" type="stmt"/>
        <line num="224" count="2" type="stmt"/>
        <line num="225" count="2" type="stmt"/>
        <line num="226" count="2" type="stmt"/>
        <line num="227" count="2" type="stmt"/>
        <line num="228" count="2" type="stmt"/>
        <line num="229" count="2" type="stmt"/>
        <line num="231" count="2" type="stmt"/>
        <line num="239" count="2" type="stmt"/>
        <line num="243" count="2" type="stmt"/>
        <line num="244" count="2" type="stmt"/>
        <line num="245" count="2" type="cond" truecount="2" falsecount="0"/>
        <line num="247" count="1" type="stmt"/>
        <line num="248" count="1" type="stmt"/>
        <line num="249" count="1" type="stmt"/>
        <line num="250" count="1" type="stmt"/>
        <line num="251" count="1" type="stmt"/>
        <line num="254" count="1" type="stmt"/>
        <line num="255" count="1" type="stmt"/>
        <line num="256" count="1" type="stmt"/>
        <line num="257" count="1" type="stmt"/>
        <line num="258" count="1" type="stmt"/>
        <line num="264" count="1" type="stmt"/>
        <line num="265" count="1" type="cond" truecount="2" falsecount="0"/>
        <line num="267" count="1" type="stmt"/>
        <line num="273" count="2" type="stmt"/>
        <line num="279" count="2" type="cond" truecount="2" falsecount="0"/>
        <line num="283" count="2" type="stmt"/>
        <line num="284" count="2" type="stmt"/>
        <line num="285" count="2" type="stmt"/>
        <line num="287" count="2" type="stmt"/>
        <line num="288" count="2" type="stmt"/>
        <line num="289" count="2" type="stmt"/>
        <line num="290" count="2" type="stmt"/>
      </file>
    </package>
  </project>
</coverage>
