{"C:\\Users\\athit\\Demo Projects\\2-payflow-payment-app\\src\\app\\app.component.ts": {"path":"C:\\Users\\athit\\Demo Projects\\2-payflow-payment-app\\src\\app\\app.component.ts","statementMap":{"0":{"start":{"line":1,"column":0},"end":{"line":1,"column":42}},"1":{"start":{"line":2,"column":0},"end":{"line":2,"column":59}},"2":{"start":{"line":79,"column":7},"end":{"line":79,"column":null}},"3":{"start":{"line":79,"column":13},"end":{"line":79,"column":25}},"4":{"start":{"line":79,"column":13},"end":{"line":79,"column":null}}},"fnMap":{},"branchMap":{},"s":{"0":0,"1":0,"2":0,"3":0,"4":0},"f":{},"b":{}}
,"C:\\Users\\athit\\Demo Projects\\2-payflow-payment-app\\src\\app\\app.config.ts": {"path":"C:\\Users\\athit\\Demo Projects\\2-payflow-payment-app\\src\\app\\app.config.ts","statementMap":{"0":{"start":{"line":1,"column":0},"end":{"line":1,"column":78}},"1":{"start":{"line":2,"column":0},"end":{"line":2,"column":96}},"2":{"start":{"line":3,"column":0},"end":{"line":3,"column":57}},"3":{"start":{"line":4,"column":0},"end":{"line":4,"column":73}},"4":{"start":{"line":5,"column":0},"end":{"line":5,"column":38}},"5":{"start":{"line":7,"column":13},"end":{"line":14,"column":2}}},"fnMap":{},"branchMap":{},"s":{"0":0,"1":0,"2":0,"3":0,"4":0,"5":0},"f":{},"b":{}}
,"C:\\Users\\athit\\Demo Projects\\2-payflow-payment-app\\src\\app\\app.routes.ts": {"path":"C:\\Users\\athit\\Demo Projects\\2-payflow-payment-app\\src\\app\\app.routes.ts","statementMap":{"0":{"start":{"line":3,"column":13},"end":{"line":29,"column":2}},"1":{"start":{"line":7,"column":6},"end":{"line":7,"column":96}},"2":{"start":{"line":7,"column":6},"end":{"line":7,"column":63}},"3":{"start":{"line":7,"column":73},"end":{"line":7,"column":95}},"4":{"start":{"line":13,"column":6},"end":{"line":13,"column":82}},"5":{"start":{"line":13,"column":6},"end":{"line":13,"column":53}},"6":{"start":{"line":13,"column":63},"end":{"line":13,"column":81}},"7":{"start":{"line":19,"column":6},"end":{"line":19,"column":82}},"8":{"start":{"line":19,"column":6},"end":{"line":19,"column":53}},"9":{"start":{"line":19,"column":63},"end":{"line":19,"column":81}},"10":{"start":{"line":25,"column":6},"end":{"line":25,"column":117}},"11":{"start":{"line":25,"column":6},"end":{"line":25,"column":77}},"12":{"start":{"line":25,"column":87},"end":{"line":25,"column":116}}},"fnMap":{"0":{"name":"(anonymous_0)","decl":{"start":{"line":6,"column":19},"end":{"line":6,"column":22}},"loc":{"start":{"line":7,"column":6},"end":{"line":7,"column":96}}},"1":{"name":"(anonymous_1)","decl":{"start":{"line":7,"column":6},"end":{"line":7,"column":13}},"loc":{"start":{"line":7,"column":6},"end":{"line":7,"column":63}}},"2":{"name":"(anonymous_2)","decl":{"start":{"line":7,"column":68},"end":{"line":7,"column":69}},"loc":{"start":{"line":7,"column":73},"end":{"line":7,"column":95}}},"3":{"name":"(anonymous_3)","decl":{"start":{"line":12,"column":19},"end":{"line":12,"column":22}},"loc":{"start":{"line":13,"column":6},"end":{"line":13,"column":82}}},"4":{"name":"(anonymous_4)","decl":{"start":{"line":13,"column":6},"end":{"line":13,"column":13}},"loc":{"start":{"line":13,"column":6},"end":{"line":13,"column":53}}},"5":{"name":"(anonymous_5)","decl":{"start":{"line":13,"column":58},"end":{"line":13,"column":59}},"loc":{"start":{"line":13,"column":63},"end":{"line":13,"column":81}}},"6":{"name":"(anonymous_6)","decl":{"start":{"line":18,"column":19},"end":{"line":18,"column":22}},"loc":{"start":{"line":19,"column":6},"end":{"line":19,"column":82}}},"7":{"name":"(anonymous_7)","decl":{"start":{"line":19,"column":6},"end":{"line":19,"column":13}},"loc":{"start":{"line":19,"column":6},"end":{"line":19,"column":53}}},"8":{"name":"(anonymous_8)","decl":{"start":{"line":19,"column":58},"end":{"line":19,"column":59}},"loc":{"start":{"line":19,"column":63},"end":{"line":19,"column":81}}},"9":{"name":"(anonymous_9)","decl":{"start":{"line":24,"column":19},"end":{"line":24,"column":22}},"loc":{"start":{"line":25,"column":6},"end":{"line":25,"column":117}}},"10":{"name":"(anonymous_10)","decl":{"start":{"line":25,"column":6},"end":{"line":25,"column":13}},"loc":{"start":{"line":25,"column":6},"end":{"line":25,"column":77}}},"11":{"name":"(anonymous_11)","decl":{"start":{"line":25,"column":82},"end":{"line":25,"column":83}},"loc":{"start":{"line":25,"column":87},"end":{"line":25,"column":116}}}},"branchMap":{},"s":{"0":0,"1":0,"2":0,"3":0,"4":0,"5":0,"6":0,"7":0,"8":0,"9":0,"10":0,"11":0,"12":0},"f":{"0":0,"1":0,"2":0,"3":0,"4":0,"5":0,"6":0,"7":0,"8":0,"9":0,"10":0,"11":0},"b":{}}
,"C:\\Users\\athit\\Demo Projects\\2-payflow-payment-app\\src\\app\\core\\services\\payment.service.ts": {"path":"C:\\Users\\athit\\Demo Projects\\2-payflow-payment-app\\src\\app\\core\\services\\payment.service.ts","statementMap":{"0":{"start":{"line":1,"column":0},"end":{"line":1,"column":51}},"1":{"start":{"line":2,"column":0},"end":{"line":2,"column":62}},"2":{"start":{"line":4,"column":0},"end":{"line":4,"column":64}},"3":{"start":{"line":12,"column":7},"end":{"line":49,"column":null}},"4":{"start":{"line":13,"column":10},"end":{"line":13,"column":36}},"5":{"start":{"line":14,"column":10},"end":{"line":14,"column":50}},"6":{"start":{"line":17,"column":4},"end":{"line":20,"column":7}},"7":{"start":{"line":31,"column":4},"end":{"line":31,"column":80}},"8":{"start":{"line":35,"column":4},"end":{"line":37,"column":7}},"9":{"start":{"line":41,"column":4},"end":{"line":41,"column":83}},"10":{"start":{"line":45,"column":17},"end":{"line":45,"column":76}},"11":{"start":{"line":46,"column":4},"end":{"line":46,"column":54}},"12":{"start":{"line":46,"column":16},"end":{"line":46,"column":54}},"13":{"start":{"line":47,"column":4},"end":{"line":47,"column":91}},"14":{"start":{"line":12,"column":13},"end":{"line":12,"column":27}},"15":{"start":{"line":12,"column":13},"end":{"line":49,"column":null}}},"fnMap":{"0":{"name":"(anonymous_0)","decl":{"start":{"line":12,"column":7},"end":{"line":12,"column":13}},"loc":{"start":{"line":12,"column":7},"end":{"line":49,"column":1}}},"1":{"name":"(anonymous_1)","decl":{"start":{"line":16,"column":2},"end":{"line":16,"column":21}},"loc":{"start":{"line":16,"column":64},"end":{"line":21,"column":3}}},"2":{"name":"(anonymous_2)","decl":{"start":{"line":23,"column":2},"end":{"line":23,"column":16}},"loc":{"start":{"line":30,"column":3},"end":{"line":32,"column":3}}},"3":{"name":"(anonymous_3)","decl":{"start":{"line":34,"column":2},"end":{"line":34,"column":15}},"loc":{"start":{"line":34,"column":49},"end":{"line":38,"column":3}}},"4":{"name":"(anonymous_4)","decl":{"start":{"line":40,"column":2},"end":{"line":40,"column":18}},"loc":{"start":{"line":40,"column":36},"end":{"line":42,"column":3}}},"5":{"name":"(anonymous_5)","decl":{"start":{"line":44,"column":2},"end":{"line":44,"column":17}},"loc":{"start":{"line":44,"column":57},"end":{"line":48,"column":3}}}},"branchMap":{"0":{"loc":{"start":{"line":16,"column":41},"end":{"line":16,"column":64}},"type":"default-arg","locations":[{"start":{"line":16,"column":58},"end":{"line":16,"column":64}}]},"1":{"loc":{"start":{"line":44,"column":35},"end":{"line":44,"column":43}},"type":"default-arg","locations":[{"start":{"line":44,"column":42},"end":{"line":44,"column":43}}]},"2":{"loc":{"start":{"line":44,"column":45},"end":{"line":44,"column":57}},"type":"default-arg","locations":[{"start":{"line":44,"column":55},"end":{"line":44,"column":57}}]},"3":{"loc":{"start":{"line":46,"column":4},"end":{"line":46,"column":54}},"type":"if","locations":[{"start":{"line":46,"column":4},"end":{"line":46,"column":54}},{"start":{},"end":{}}]}},"s":{"0":1,"1":1,"2":1,"3":1,"4":3,"5":3,"6":1,"7":0,"8":1,"9":1,"10":0,"11":0,"12":0,"13":0,"14":1,"15":1},"f":{"0":3,"1":1,"2":0,"3":1,"4":1,"5":0},"b":{"0":[0],"1":[0],"2":[0],"3":[0,0]}}
,"C:\\Users\\athit\\Demo Projects\\2-payflow-payment-app\\src\\app\\features\\failure\\failure.component.ts": {"path":"C:\\Users\\athit\\Demo Projects\\2-payflow-payment-app\\src\\app\\features\\failure\\failure.component.ts","statementMap":{"0":{"start":{"line":1,"column":0},"end":{"line":1,"column":58}},"1":{"start":{"line":2,"column":0},"end":{"line":2,"column":47}},"2":{"start":{"line":3,"column":0},"end":{"line":3,"column":61}},"3":{"start":{"line":128,"column":7},"end":{"line":139,"column":null}},"4":{"start":{"line":129,"column":10},"end":{"line":129,"column":41}},"5":{"start":{"line":131,"column":2},"end":{"line":131,"column":50}},"6":{"start":{"line":132,"column":2},"end":{"line":132,"column":17}},"7":{"start":{"line":135,"column":14},"end":{"line":135,"column":61}},"8":{"start":{"line":136,"column":4},"end":{"line":136,"column":27}},"9":{"start":{"line":136,"column":11},"end":{"line":136,"column":27}},"10":{"start":{"line":137,"column":4},"end":{"line":137,"column":79}},"11":{"start":{"line":128,"column":13},"end":{"line":128,"column":29}},"12":{"start":{"line":128,"column":13},"end":{"line":139,"column":null}}},"fnMap":{"0":{"name":"(anonymous_0)","decl":{"start":{"line":128,"column":7},"end":{"line":128,"column":13}},"loc":{"start":{"line":128,"column":7},"end":{"line":139,"column":1}}},"1":{"name":"(anonymous_1)","decl":{"start":{"line":134,"column":2},"end":{"line":134,"column":10}},"loc":{"start":{"line":134,"column":10},"end":{"line":138,"column":3}}}},"branchMap":{"0":{"loc":{"start":{"line":136,"column":4},"end":{"line":136,"column":27}},"type":"if","locations":[{"start":{"line":136,"column":4},"end":{"line":136,"column":27}},{"start":{},"end":{}}]},"1":{"loc":{"start":{"line":137,"column":21},"end":{"line":137,"column":78}},"type":"binary-expr","locations":[{"start":{"line":137,"column":21},"end":{"line":137,"column":72}},{"start":{"line":137,"column":76},"end":{"line":137,"column":78}}]}},"s":{"0":1,"1":1,"2":1,"3":1,"4":1,"5":1,"6":1,"7":1,"8":1,"9":1,"10":1,"11":1,"12":1},"f":{"0":1,"1":1},"b":{"0":[1,0],"1":[1,0]}}
,"C:\\Users\\athit\\Demo Projects\\2-payflow-payment-app\\src\\app\\features\\payment-form\\payment-form.component.ts": {"path":"C:\\Users\\athit\\Demo Projects\\2-payflow-payment-app\\src\\app\\features\\payment-form\\payment-form.component.ts","statementMap":{"0":{"start":{"line":1,"column":0},"end":{"line":1,"column":null}},"1":{"start":{"line":11,"column":0},"end":{"line":11,"column":47}},"2":{"start":{"line":12,"column":0},"end":{"line":12,"column":57}},"3":{"start":{"line":13,"column":0},"end":{"line":13,"column":45}},"4":{"start":{"line":14,"column":0},"end":{"line":14,"column":50}},"5":{"start":{"line":15,"column":0},"end":{"line":15,"column":90}},"6":{"start":{"line":16,"column":0},"end":{"line":16,"column":38}},"7":{"start":{"line":17,"column":0},"end":{"line":17,"column":69}},"8":{"start":{"line":18,"column":0},"end":{"line":18,"column":64}},"9":{"start":{"line":705,"column":10},"end":{"line":705,"column":41}},"10":{"start":{"line":706,"column":10},"end":{"line":706,"column":34}},"11":{"start":{"line":707,"column":10},"end":{"line":707,"column":36}},"12":{"start":{"line":708,"column":10},"end":{"line":708,"column":50}},"13":{"start":{"line":711,"column":10},"end":{"line":711,"column":39}},"14":{"start":{"line":712,"column":10},"end":{"line":712,"column":55}},"15":{"start":{"line":715,"column":2},"end":{"line":715,"column":40}},"16":{"start":{"line":716,"column":2},"end":{"line":716,"column":50}},"17":{"start":{"line":717,"column":2},"end":{"line":717,"column":29}},"18":{"start":{"line":718,"column":2},"end":{"line":718,"column":33}},"19":{"start":{"line":719,"column":2},"end":{"line":719,"column":30}},"20":{"start":{"line":720,"column":2},"end":{"line":720,"column":35}},"21":{"start":{"line":722,"column":2},"end":{"line":722,"column":30}},"22":{"start":{"line":723,"column":2},"end":{"line":723,"column":24}},"23":{"start":{"line":724,"column":2},"end":{"line":724,"column":26}},"24":{"start":{"line":725,"column":2},"end":{"line":725,"column":28}},"25":{"start":{"line":726,"column":2},"end":{"line":726,"column":32}},"26":{"start":{"line":727,"column":2},"end":{"line":727,"column":25}},"27":{"start":{"line":729,"column":2},"end":{"line":729,"column":22}},"28":{"start":{"line":731,"column":2},"end":{"line":736,"column":4}},"29":{"start":{"line":741,"column":15},"end":{"line":741,"column":66}},"30":{"start":{"line":742,"column":16},"end":{"line":742,"column":60}},"31":{"start":{"line":743,"column":4},"end":{"line":743,"column":36}},"32":{"start":{"line":743,"column":12},"end":{"line":743,"column":36}},"33":{"start":{"line":744,"column":4},"end":{"line":744,"column":38}},"34":{"start":{"line":744,"column":13},"end":{"line":744,"column":38}},"35":{"start":{"line":745,"column":4},"end":{"line":745,"column":34}},"36":{"start":{"line":745,"column":12},"end":{"line":745,"column":34}},"37":{"start":{"line":750,"column":4},"end":{"line":750,"column":22}},"38":{"start":{"line":754,"column":4},"end":{"line":754,"column":37}},"39":{"start":{"line":755,"column":4},"end":{"line":755,"column":32}},"40":{"start":{"line":761,"column":4},"end":{"line":761,"column":34}},"41":{"start":{"line":762,"column":4},"end":{"line":778,"column":7}},"42":{"start":{"line":764,"column":8},"end":{"line":764,"column":28}},"43":{"start":{"line":765,"column":8},"end":{"line":765,"column":43}},"44":{"start":{"line":766,"column":8},"end":{"line":766,"column":47}},"45":{"start":{"line":767,"column":8},"end":{"line":767,"column":38}},"46":{"start":{"line":768,"column":8},"end":{"line":770,"column":9}},"47":{"start":{"line":769,"column":10},"end":{"line":769,"column":88}},"48":{"start":{"line":773,"column":8},"end":{"line":775,"column":10}},"49":{"start":{"line":776,"column":8},"end":{"line":776,"column":34}},"50":{"start":{"line":782,"column":4},"end":{"line":782,"column":61}},"51":{"start":{"line":782,"column":26},"end":{"line":782,"column":61}},"52":{"start":{"line":786,"column":4},"end":{"line":793,"column":7}},"53":{"start":{"line":797,"column":4},"end":{"line":813,"column":5}},"54":{"start":{"line":797,"column":23},"end":{"line":797,"column":24}},"55":{"start":{"line":798,"column":6},"end":{"line":810,"column":7}},"56":{"start":{"line":799,"column":23},"end":{"line":799,"column":99}},"57":{"start":{"line":800,"column":8},"end":{"line":807,"column":9}},"58":{"start":{"line":801,"column":10},"end":{"line":805,"column":12}},"59":{"start":{"line":806,"column":10},"end":{"line":806,"column":22}},"60":{"start":{"line":812,"column":6},"end":{"line":812,"column":62}},"61":{"start":{"line":812,"column":35},"end":{"line":812,"column":60}},"62":{"start":{"line":815,"column":4},"end":{"line":815,"column":17}},"63":{"start":{"line":821,"column":4},"end":{"line":890,"column":5}},"64":{"start":{"line":822,"column":6},"end":{"line":822,"column":34}},"65":{"start":{"line":823,"column":6},"end":{"line":823,"column":39}},"66":{"start":{"line":824,"column":6},"end":{"line":824,"column":71}},"67":{"start":{"line":825,"column":6},"end":{"line":825,"column":31}},"68":{"start":{"line":825,"column":24},"end":{"line":825,"column":31}},"69":{"start":{"line":827,"column":23},"end":{"line":858,"column":8}},"70":{"start":{"line":860,"column":6},"end":{"line":875,"column":9}},"71":{"start":{"line":877,"column":6},"end":{"line":877,"column":62}},"72":{"start":{"line":879,"column":6},"end":{"line":881,"column":9}},"73":{"start":{"line":880,"column":8},"end":{"line":880,"column":40}},"74":{"start":{"line":883,"column":6},"end":{"line":885,"column":9}},"75":{"start":{"line":884,"column":8},"end":{"line":884,"column":55}},"76":{"start":{"line":887,"column":6},"end":{"line":887,"column":33}},"77":{"start":{"line":889,"column":6},"end":{"line":889,"column":34}},"78":{"start":{"line":896,"column":4},"end":{"line":896,"column":35}},"79":{"start":{"line":897,"column":4},"end":{"line":897,"column":27}},"80":{"start":{"line":903,"column":4},"end":{"line":903,"column":59}},"81":{"start":{"line":903,"column":52},"end":{"line":903,"column":59}},"82":{"start":{"line":905,"column":4},"end":{"line":905,"column":32}},"83":{"start":{"line":906,"column":4},"end":{"line":936,"column":7}},"84":{"start":{"line":907,"column":6},"end":{"line":935,"column":7}},"85":{"start":{"line":908,"column":23},"end":{"line":908,"column":89}},"86":{"start":{"line":909,"column":8},"end":{"line":928,"column":11}},"87":{"start":{"line":915,"column":12},"end":{"line":919,"column":14}},"88":{"start":{"line":922,"column":12},"end":{"line":926,"column":13}},"89":{"start":{"line":923,"column":14},"end":{"line":923,"column":39}},"90":{"start":{"line":924,"column":14},"end":{"line":924,"column":41}},"91":{"start":{"line":925,"column":14},"end":{"line":925,"column":108}},"92":{"start":{"line":930,"column":27},"end":{"line":930,"column":49}},"93":{"start":{"line":931,"column":8},"end":{"line":931,"column":84}},"94":{"start":{"line":932,"column":8},"end":{"line":934,"column":11}},"95":{"start":{"line":942,"column":4},"end":{"line":942,"column":27}},"96":{"start":{"line":944,"column":4},"end":{"line":947,"column":5}},"97":{"start":{"line":945,"column":6},"end":{"line":945,"column":87}},"98":{"start":{"line":946,"column":6},"end":{"line":946,"column":13}},"99":{"start":{"line":948,"column":4},"end":{"line":951,"column":5}},"100":{"start":{"line":949,"column":6},"end":{"line":949,"column":62}},"101":{"start":{"line":950,"column":6},"end":{"line":950,"column":13}},"102":{"start":{"line":952,"column":4},"end":{"line":955,"column":5}},"103":{"start":{"line":953,"column":6},"end":{"line":953,"column":82}},"104":{"start":{"line":954,"column":6},"end":{"line":954,"column":13}},"105":{"start":{"line":956,"column":4},"end":{"line":959,"column":5}},"106":{"start":{"line":957,"column":6},"end":{"line":957,"column":104}},"107":{"start":{"line":958,"column":6},"end":{"line":958,"column":13}},"108":{"start":{"line":961,"column":4},"end":{"line":961,"column":30}},"109":{"start":{"line":962,"column":4},"end":{"line":962,"column":32}},"110":{"start":{"line":965,"column":21},"end":{"line":965,"column":50}},"111":{"start":{"line":968,"column":4},"end":{"line":1034,"column":7}},"112":{"start":{"line":971,"column":41},"end":{"line":978,"column":null}},"113":{"start":{"line":981,"column":8},"end":{"line":981,"column":23}},"114":{"start":{"line":983,"column":8},"end":{"line":993,"column":9}},"115":{"start":{"line":985,"column":10},"end":{"line":987,"column":25}},"116":{"start":{"line":989,"column":10},"end":{"line":989,"column":35}},"117":{"start":{"line":990,"column":10},"end":{"line":990,"column":37}},"118":{"start":{"line":991,"column":10},"end":{"line":991,"column":83}},"119":{"start":{"line":992,"column":10},"end":{"line":992,"column":17}},"120":{"start":{"line":995,"column":8},"end":{"line":1023,"column":9}},"121":{"start":{"line":997,"column":25},"end":{"line":997,"column":75}},"122":{"start":{"line":998,"column":10},"end":{"line":1022,"column":15}},"123":{"start":{"line":1007,"column":16},"end":{"line":1011,"column":18}},"124":{"start":{"line":1014,"column":16},"end":{"line":1020,"column":17}},"125":{"start":{"line":1015,"column":18},"end":{"line":1015,"column":43}},"126":{"start":{"line":1016,"column":18},"end":{"line":1016,"column":45}},"127":{"start":{"line":1017,"column":18},"end":{"line":1019,"column":20}},"128":{"start":{"line":1026,"column":24},"end":{"line":1026,"column":42}},"129":{"start":{"line":1027,"column":8},"end":{"line":1029,"column":9}},"130":{"start":{"line":1028,"column":10},"end":{"line":1028,"column":17}},"131":{"start":{"line":1030,"column":8},"end":{"line":1030,"column":33}},"132":{"start":{"line":1031,"column":8},"end":{"line":1031,"column":35}},"133":{"start":{"line":1032,"column":8},"end":{"line":1032,"column":93}},"134":{"start":{"line":1040,"column":4},"end":{"line":1040,"column":35}},"135":{"start":{"line":1041,"column":4},"end":{"line":1050,"column":7}},"136":{"start":{"line":1042,"column":14},"end":{"line":1042,"column":15}},"137":{"start":{"line":1043,"column":17},"end":{"line":1049,"column":13}},"138":{"start":{"line":1044,"column":8},"end":{"line":1044,"column":40}},"139":{"start":{"line":1045,"column":8},"end":{"line":1048,"column":9}},"140":{"start":{"line":1046,"column":10},"end":{"line":1046,"column":28}},"141":{"start":{"line":1047,"column":10},"end":{"line":1047,"column":35}},"142":{"start":{"line":702,"column":13},"end":{"line":702,"column":33}},"143":{"start":{"line":702,"column":13},"end":{"line":1052,"column":null}}},"fnMap":{"0":{"name":"(anonymous_0)","decl":{"start":{"line":702,"column":7},"end":{"line":702,"column":13}},"loc":{"start":{"line":702,"column":7},"end":{"line":1052,"column":1}}},"1":{"name":"(anonymous_1)","decl":{"start":{"line":740,"column":2},"end":{"line":740,"column":10}},"loc":{"start":{"line":740,"column":10},"end":{"line":746,"column":3}}},"2":{"name":"(anonymous_2)","decl":{"start":{"line":748,"column":2},"end":{"line":748,"column":17}},"loc":{"start":{"line":748,"column":17},"end":{"line":751,"column":3}}},"3":{"name":"(anonymous_3)","decl":{"start":{"line":753,"column":2},"end":{"line":753,"column":13}},"loc":{"start":{"line":753,"column":13},"end":{"line":756,"column":3}}},"4":{"name":"(anonymous_4)","decl":{"start":{"line":760,"column":2},"end":{"line":760,"column":13}},"loc":{"start":{"line":760,"column":24},"end":{"line":779,"column":3}}},"5":{"name":"(anonymous_5)","decl":{"start":{"line":763,"column":12},"end":{"line":763,"column":13}},"loc":{"start":{"line":763,"column":16},"end":{"line":771,"column":7}}},"6":{"name":"(anonymous_6)","decl":{"start":{"line":772,"column":13},"end":{"line":772,"column":16}},"loc":{"start":{"line":772,"column":18},"end":{"line":777,"column":7}}},"7":{"name":"(anonymous_7)","decl":{"start":{"line":781,"column":2},"end":{"line":781,"column":18}},"loc":{"start":{"line":781,"column":18},"end":{"line":783,"column":3}}},"8":{"name":"(anonymous_8)","decl":{"start":{"line":785,"column":10},"end":{"line":785,"column":27}},"loc":{"start":{"line":785,"column":87},"end":{"line":794,"column":3}}},"9":{"name":"(anonymous_9)","decl":{"start":{"line":796,"column":10},"end":{"line":796,"column":15}},"loc":{"start":{"line":796,"column":38},"end":{"line":816,"column":3}}},"10":{"name":"(anonymous_10)","decl":{"start":{"line":812,"column":24},"end":{"line":812,"column":31}},"loc":{"start":{"line":812,"column":35},"end":{"line":812,"column":60}}},"11":{"name":"(anonymous_11)","decl":{"start":{"line":820,"column":10},"end":{"line":820,"column":15}},"loc":{"start":{"line":820,"column":26},"end":{"line":891,"column":3}}},"12":{"name":"(anonymous_12)","decl":{"start":{"line":879,"column":35},"end":{"line":879,"column":38}},"loc":{"start":{"line":879,"column":40},"end":{"line":881,"column":7}}},"13":{"name":"(anonymous_13)","decl":{"start":{"line":883,"column":36},"end":{"line":883,"column":41}},"loc":{"start":{"line":883,"column":44},"end":{"line":885,"column":7}}},"14":{"name":"(anonymous_14)","decl":{"start":{"line":895,"column":2},"end":{"line":895,"column":11}},"loc":{"start":{"line":895,"column":35},"end":{"line":898,"column":3}}},"15":{"name":"(anonymous_15)","decl":{"start":{"line":902,"column":2},"end":{"line":902,"column":20}},"loc":{"start":{"line":902,"column":37},"end":{"line":937,"column":3}}},"16":{"name":"(anonymous_16)","decl":{"start":{"line":906,"column":39},"end":{"line":906,"column":42}},"loc":{"start":{"line":906,"column":44},"end":{"line":936,"column":5}}},"17":{"name":"(anonymous_17)","decl":{"start":{"line":914,"column":16},"end":{"line":914,"column":17}},"loc":{"start":{"line":914,"column":32},"end":{"line":920,"column":11}}},"18":{"name":"(anonymous_18)","decl":{"start":{"line":921,"column":17},"end":{"line":921,"column":22}},"loc":{"start":{"line":921,"column":28},"end":{"line":927,"column":11}}},"19":{"name":"(anonymous_19)","decl":{"start":{"line":941,"column":2},"end":{"line":941,"column":7}},"loc":{"start":{"line":941,"column":26},"end":{"line":1035,"column":3}}},"20":{"name":"(anonymous_20)","decl":{"start":{"line":969,"column":12},"end":{"line":969,"column":17}},"loc":{"start":{"line":969,"column":27},"end":{"line":1024,"column":7}}},"21":{"name":"(anonymous_21)","decl":{"start":{"line":1006,"column":20},"end":{"line":1006,"column":21}},"loc":{"start":{"line":1006,"column":36},"end":{"line":1012,"column":15}}},"22":{"name":"(anonymous_22)","decl":{"start":{"line":1013,"column":21},"end":{"line":1013,"column":26}},"loc":{"start":{"line":1013,"column":32},"end":{"line":1021,"column":15}}},"23":{"name":"(anonymous_23)","decl":{"start":{"line":1025,"column":13},"end":{"line":1025,"column":18}},"loc":{"start":{"line":1025,"column":27},"end":{"line":1033,"column":7}}},"24":{"name":"(anonymous_24)","decl":{"start":{"line":1039,"column":10},"end":{"line":1039,"column":32}},"loc":{"start":{"line":1039,"column":32},"end":{"line":1051,"column":3}}},"25":{"name":"(anonymous_25)","decl":{"start":{"line":1041,"column":23},"end":{"line":1041,"column":30}},"loc":{"start":{"line":1041,"column":33},"end":{"line":1050,"column":5}}},"26":{"name":"(anonymous_26)","decl":{"start":{"line":1043,"column":29},"end":{"line":1043,"column":32}},"loc":{"start":{"line":1043,"column":34},"end":{"line":1049,"column":7}}}},"branchMap":{"0":{"loc":{"start":{"line":743,"column":4},"end":{"line":743,"column":36}},"type":"if","locations":[{"start":{"line":743,"column":4},"end":{"line":743,"column":36}},{"start":{},"end":{}}]},"1":{"loc":{"start":{"line":744,"column":4},"end":{"line":744,"column":38}},"type":"if","locations":[{"start":{"line":744,"column":4},"end":{"line":744,"column":38}},{"start":{},"end":{}}]},"2":{"loc":{"start":{"line":745,"column":4},"end":{"line":745,"column":34}},"type":"if","locations":[{"start":{"line":745,"column":4},"end":{"line":745,"column":34}},{"start":{},"end":{}}]},"3":{"loc":{"start":{"line":768,"column":8},"end":{"line":770,"column":9}},"type":"if","locations":[{"start":{"line":768,"column":8},"end":{"line":770,"column":9}},{"start":{},"end":{}}]},"4":{"loc":{"start":{"line":782,"column":4},"end":{"line":782,"column":61}},"type":"if","locations":[{"start":{"line":782,"column":4},"end":{"line":782,"column":61}},{"start":{},"end":{}}]},"5":{"loc":{"start":{"line":791,"column":21},"end":{"line":791,"column":83}},"type":"binary-expr","locations":[{"start":{"line":791,"column":21},"end":{"line":791,"column":31}},{"start":{"line":791,"column":35},"end":{"line":791,"column":52}},{"start":{"line":791,"column":56},"end":{"line":791,"column":83}}]},"6":{"loc":{"start":{"line":800,"column":8},"end":{"line":807,"column":9}},"type":"if","locations":[{"start":{"line":800,"column":8},"end":{"line":807,"column":9}},{"start":{},"end":{}}]},"7":{"loc":{"start":{"line":802,"column":12},"end":{"line":802,"column":77}},"type":"binary-expr","locations":[{"start":{"line":802,"column":12},"end":{"line":802,"column":54}},{"start":{"line":802,"column":58},"end":{"line":802,"column":77}}]},"8":{"loc":{"start":{"line":803,"column":12},"end":{"line":803,"column":69}},"type":"binary-expr","locations":[{"start":{"line":803,"column":12},"end":{"line":803,"column":45}},{"start":{"line":803,"column":49},"end":{"line":803,"column":69}}]},"9":{"loc":{"start":{"line":825,"column":6},"end":{"line":825,"column":31}},"type":"if","locations":[{"start":{"line":825,"column":6},"end":{"line":825,"column":31}},{"start":{},"end":{}}]},"10":{"loc":{"start":{"line":884,"column":27},"end":{"line":884,"column":53}},"type":"binary-expr","locations":[{"start":{"line":884,"column":27},"end":{"line":884,"column":47}},{"start":{"line":884,"column":51},"end":{"line":884,"column":53}}]},"11":{"loc":{"start":{"line":903,"column":4},"end":{"line":903,"column":59}},"type":"if","locations":[{"start":{"line":903,"column":4},"end":{"line":903,"column":59}},{"start":{},"end":{}}]},"12":{"loc":{"start":{"line":903,"column":8},"end":{"line":903,"column":50}},"type":"binary-expr","locations":[{"start":{"line":903,"column":8},"end":{"line":903,"column":25}},{"start":{"line":903,"column":29},"end":{"line":903,"column":50}}]},"13":{"loc":{"start":{"line":907,"column":6},"end":{"line":935,"column":7}},"type":"if","locations":[{"start":{"line":907,"column":6},"end":{"line":935,"column":7}},{"start":{"line":929,"column":13},"end":{"line":935,"column":7}}]},"14":{"loc":{"start":{"line":922,"column":12},"end":{"line":926,"column":13}},"type":"if","locations":[{"start":{"line":922,"column":12},"end":{"line":926,"column":13}},{"start":{},"end":{}}]},"15":{"loc":{"start":{"line":944,"column":4},"end":{"line":947,"column":5}},"type":"if","locations":[{"start":{"line":944,"column":4},"end":{"line":947,"column":5}},{"start":{},"end":{}}]},"16":{"loc":{"start":{"line":948,"column":4},"end":{"line":951,"column":5}},"type":"if","locations":[{"start":{"line":948,"column":4},"end":{"line":951,"column":5}},{"start":{},"end":{}}]},"17":{"loc":{"start":{"line":952,"column":4},"end":{"line":955,"column":5}},"type":"if","locations":[{"start":{"line":952,"column":4},"end":{"line":955,"column":5}},{"start":{},"end":{}}]},"18":{"loc":{"start":{"line":952,"column":8},"end":{"line":952,"column":41}},"type":"binary-expr","locations":[{"start":{"line":952,"column":8},"end":{"line":952,"column":20}},{"start":{"line":952,"column":24},"end":{"line":952,"column":41}}]},"19":{"loc":{"start":{"line":956,"column":4},"end":{"line":959,"column":5}},"type":"if","locations":[{"start":{"line":956,"column":4},"end":{"line":959,"column":5}},{"start":{},"end":{}}]},"20":{"loc":{"start":{"line":983,"column":8},"end":{"line":993,"column":9}},"type":"if","locations":[{"start":{"line":983,"column":8},"end":{"line":993,"column":9}},{"start":{},"end":{}}]},"21":{"loc":{"start":{"line":986,"column":45},"end":{"line":986,"column":77}},"type":"binary-expr","locations":[{"start":{"line":986,"column":45},"end":{"line":986,"column":58}},{"start":{"line":986,"column":62},"end":{"line":986,"column":77}}]},"22":{"loc":{"start":{"line":991,"column":29},"end":{"line":991,"column":81}},"type":"binary-expr","locations":[{"start":{"line":991,"column":29},"end":{"line":991,"column":42}},{"start":{"line":991,"column":46},"end":{"line":991,"column":81}}]},"23":{"loc":{"start":{"line":995,"column":8},"end":{"line":1023,"column":9}},"type":"if","locations":[{"start":{"line":995,"column":8},"end":{"line":1023,"column":9}},{"start":{},"end":{}}]},"24":{"loc":{"start":{"line":1014,"column":16},"end":{"line":1020,"column":17}},"type":"if","locations":[{"start":{"line":1014,"column":16},"end":{"line":1020,"column":17}},{"start":{},"end":{}}]},"25":{"loc":{"start":{"line":1027,"column":8},"end":{"line":1029,"column":9}},"type":"if","locations":[{"start":{"line":1027,"column":8},"end":{"line":1029,"column":9}},{"start":{},"end":{}}]},"26":{"loc":{"start":{"line":1027,"column":12},"end":{"line":1027,"column":87}},"type":"binary-expr","locations":[{"start":{"line":1027,"column":12},"end":{"line":1027,"column":46}},{"start":{"line":1027,"column":51},"end":{"line":1027,"column":86}}]},"27":{"loc":{"start":{"line":1032,"column":27},"end":{"line":1032,"column":91}},"type":"binary-expr","locations":[{"start":{"line":1032,"column":27},"end":{"line":1032,"column":34}},{"start":{"line":1032,"column":38},"end":{"line":1032,"column":91}}]},"28":{"loc":{"start":{"line":1045,"column":8},"end":{"line":1048,"column":9}},"type":"if","locations":[{"start":{"line":1045,"column":8},"end":{"line":1048,"column":9}},{"start":{},"end":{}}]}},"s":{"0":0,"1":0,"2":0,"3":0,"4":0,"5":0,"6":0,"7":0,"8":0,"9":0,"10":0,"11":0,"12":0,"13":0,"14":0,"15":0,"16":0,"17":0,"18":0,"19":0,"20":0,"21":0,"22":0,"23":0,"24":0,"25":0,"26":0,"27":0,"28":0,"29":0,"30":0,"31":0,"32":0,"33":0,"34":0,"35":0,"36":0,"37":0,"38":0,"39":0,"40":0,"41":0,"42":0,"43":0,"44":0,"45":0,"46":0,"47":0,"48":0,"49":0,"50":0,"51":0,"52":0,"53":0,"54":0,"55":0,"56":0,"57":0,"58":0,"59":0,"60":0,"61":0,"62":0,"63":0,"64":0,"65":0,"66":0,"67":0,"68":0,"69":0,"70":0,"71":0,"72":0,"73":0,"74":0,"75":0,"76":0,"77":0,"78":0,"79":0,"80":0,"81":0,"82":0,"83":0,"84":0,"85":0,"86":0,"87":0,"88":0,"89":0,"90":0,"91":0,"92":0,"93":0,"94":0,"95":0,"96":0,"97":0,"98":0,"99":0,"100":0,"101":0,"102":0,"103":0,"104":0,"105":0,"106":0,"107":0,"108":0,"109":0,"110":0,"111":0,"112":0,"113":0,"114":0,"115":0,"116":0,"117":0,"118":0,"119":0,"120":0,"121":0,"122":0,"123":0,"124":0,"125":0,"126":0,"127":0,"128":0,"129":0,"130":0,"131":0,"132":0,"133":0,"134":0,"135":0,"136":0,"137":0,"138":0,"139":0,"140":0,"141":0,"142":0,"143":0},"f":{"0":0,"1":0,"2":0,"3":0,"4":0,"5":0,"6":0,"7":0,"8":0,"9":0,"10":0,"11":0,"12":0,"13":0,"14":0,"15":0,"16":0,"17":0,"18":0,"19":0,"20":0,"21":0,"22":0,"23":0,"24":0,"25":0,"26":0},"b":{"0":[0,0],"1":[0,0],"2":[0,0],"3":[0,0],"4":[0,0],"5":[0,0,0],"6":[0,0],"7":[0,0],"8":[0,0],"9":[0,0],"10":[0,0],"11":[0,0],"12":[0,0],"13":[0,0],"14":[0,0],"15":[0,0],"16":[0,0],"17":[0,0],"18":[0,0],"19":[0,0],"20":[0,0],"21":[0,0],"22":[0,0],"23":[0,0],"24":[0,0],"25":[0,0],"26":[0,0],"27":[0,0],"28":[0,0]}}
,"C:\\Users\\athit\\Demo Projects\\2-payflow-payment-app\\src\\app\\features\\success\\success.component.ts": {"path":"C:\\Users\\athit\\Demo Projects\\2-payflow-payment-app\\src\\app\\features\\success\\success.component.ts","statementMap":{"0":{"start":{"line":1,"column":0},"end":{"line":1,"column":58}},"1":{"start":{"line":2,"column":0},"end":{"line":2,"column":47}},"2":{"start":{"line":3,"column":0},"end":{"line":3,"column":61}},"3":{"start":{"line":4,"column":0},"end":{"line":4,"column":64}},"4":{"start":{"line":243,"column":7},"end":{"line":268,"column":null}},"5":{"start":{"line":244,"column":10},"end":{"line":244,"column":41}},"6":{"start":{"line":246,"column":2},"end":{"line":246,"column":22}},"7":{"start":{"line":247,"column":2},"end":{"line":247,"column":13}},"8":{"start":{"line":248,"column":2},"end":{"line":248,"column":44}},"9":{"start":{"line":249,"column":2},"end":{"line":249,"column":18}},"10":{"start":{"line":250,"column":2},"end":{"line":250,"column":17}},"11":{"start":{"line":252,"column":2},"end":{"line":255,"column":6}},"12":{"start":{"line":252,"column":56},"end":{"line":255,"column":4}},"13":{"start":{"line":258,"column":4},"end":{"line":258,"column":90}},"14":{"start":{"line":259,"column":4},"end":{"line":259,"column":83}},"15":{"start":{"line":260,"column":4},"end":{"line":260,"column":81}},"16":{"start":{"line":261,"column":4},"end":{"line":261,"column":79}},"17":{"start":{"line":263,"column":23},"end":{"line":263,"column":75}},"18":{"start":{"line":264,"column":4},"end":{"line":264,"column":77}},"19":{"start":{"line":264,"column":25},"end":{"line":264,"column":77}},"20":{"start":{"line":265,"column":4},"end":{"line":265,"column":82}},"21":{"start":{"line":265,"column":24},"end":{"line":265,"column":82}},"22":{"start":{"line":266,"column":4},"end":{"line":266,"column":47}},"23":{"start":{"line":243,"column":13},"end":{"line":243,"column":29}},"24":{"start":{"line":243,"column":13},"end":{"line":268,"column":null}}},"fnMap":{"0":{"name":"(anonymous_0)","decl":{"start":{"line":243,"column":7},"end":{"line":243,"column":13}},"loc":{"start":{"line":243,"column":7},"end":{"line":268,"column":1}}},"1":{"name":"(anonymous_1)","decl":{"start":{"line":252,"column":45},"end":{"line":252,"column":46}},"loc":{"start":{"line":252,"column":56},"end":{"line":255,"column":4}}},"2":{"name":"(anonymous_2)","decl":{"start":{"line":257,"column":2},"end":{"line":257,"column":10}},"loc":{"start":{"line":257,"column":10},"end":{"line":267,"column":3}}}},"branchMap":{"0":{"loc":{"start":{"line":258,"column":26},"end":{"line":258,"column":89}},"type":"binary-expr","locations":[{"start":{"line":258,"column":26},"end":{"line":258,"column":70}},{"start":{"line":258,"column":74},"end":{"line":258,"column":89}}]},"1":{"loc":{"start":{"line":259,"column":25},"end":{"line":259,"column":81}},"type":"binary-expr","locations":[{"start":{"line":259,"column":25},"end":{"line":259,"column":72}},{"start":{"line":259,"column":76},"end":{"line":259,"column":81}}]},"2":{"loc":{"start":{"line":260,"column":22},"end":{"line":260,"column":80}},"type":"binary-expr","locations":[{"start":{"line":260,"column":22},"end":{"line":260,"column":74}},{"start":{"line":260,"column":78},"end":{"line":260,"column":80}}]},"3":{"loc":{"start":{"line":261,"column":21},"end":{"line":261,"column":78}},"type":"binary-expr","locations":[{"start":{"line":261,"column":21},"end":{"line":261,"column":72}},{"start":{"line":261,"column":76},"end":{"line":261,"column":78}}]},"4":{"loc":{"start":{"line":264,"column":4},"end":{"line":264,"column":77}},"type":"if","locations":[{"start":{"line":264,"column":4},"end":{"line":264,"column":77}},{"start":{},"end":{}}]},"5":{"loc":{"start":{"line":265,"column":4},"end":{"line":265,"column":82}},"type":"if","locations":[{"start":{"line":265,"column":4},"end":{"line":265,"column":82}},{"start":{},"end":{}}]}},"s":{"0":1,"1":1,"2":1,"3":1,"4":1,"5":1,"6":1,"7":1,"8":1,"9":1,"10":1,"11":1,"12":12,"13":1,"14":1,"15":1,"16":1,"17":1,"18":1,"19":1,"20":1,"21":1,"22":1,"23":1,"24":1},"f":{"0":1,"1":12,"2":1},"b":{"0":[1,0],"1":[1,0],"2":[1,0],"3":[1,0],"4":[1,0],"5":[1,0]}}
,"C:\\Users\\athit\\Demo Projects\\2-payflow-payment-app\\src\\app\\features\\transaction-history\\transaction-history.component.ts": {"path":"C:\\Users\\athit\\Demo Projects\\2-payflow-payment-app\\src\\app\\features\\transaction-history\\transaction-history.component.ts","statementMap":{"0":{"start":{"line":1,"column":0},"end":{"line":1,"column":66}},"1":{"start":{"line":2,"column":0},"end":{"line":2,"column":47}},"2":{"start":{"line":3,"column":0},"end":{"line":3,"column":45}},"3":{"start":{"line":4,"column":0},"end":{"line":4,"column":45}},"4":{"start":{"line":5,"column":0},"end":{"line":5,"column":69}},"5":{"start":{"line":221,"column":7},"end":{"line":293,"column":null}},"6":{"start":{"line":222,"column":10},"end":{"line":222,"column":50}},"7":{"start":{"line":224,"column":2},"end":{"line":224,"column":43}},"8":{"start":{"line":225,"column":2},"end":{"line":225,"column":25}},"9":{"start":{"line":226,"column":2},"end":{"line":226,"column":20}},"10":{"start":{"line":227,"column":2},"end":{"line":227,"column":28}},"11":{"start":{"line":228,"column":2},"end":{"line":228,"column":11}},"12":{"start":{"line":229,"column":2},"end":{"line":229,"column":20}},"13":{"start":{"line":231,"column":2},"end":{"line":236,"column":4}},"14":{"start":{"line":239,"column":4},"end":{"line":239,"column":28}},"15":{"start":{"line":243,"column":4},"end":{"line":243,"column":27}},"16":{"start":{"line":244,"column":4},"end":{"line":244,"column":18}},"17":{"start":{"line":245,"column":4},"end":{"line":260,"column":7}},"18":{"start":{"line":247,"column":8},"end":{"line":247,"column":48}},"19":{"start":{"line":248,"column":8},"end":{"line":248,"column":34}},"20":{"start":{"line":249,"column":8},"end":{"line":249,"column":34}},"21":{"start":{"line":250,"column":8},"end":{"line":250,"column":32}},"22":{"start":{"line":251,"column":8},"end":{"line":251,"column":43}},"23":{"start":{"line":254,"column":8},"end":{"line":254,"column":34}},"24":{"start":{"line":255,"column":8},"end":{"line":255,"column":26}},"25":{"start":{"line":256,"column":8},"end":{"line":256,"column":33}},"26":{"start":{"line":257,"column":8},"end":{"line":257,"column":32}},"27":{"start":{"line":258,"column":8},"end":{"line":258,"column":29}},"28":{"start":{"line":264,"column":4},"end":{"line":264,"column":16}},"29":{"start":{"line":265,"column":4},"end":{"line":269,"column":7}},"30":{"start":{"line":267,"column":8},"end":{"line":267,"column":79}},"31":{"start":{"line":267,"column":44},"end":{"line":267,"column":77}},"32":{"start":{"line":273,"column":40},"end":{"line":278,"column":6}},"33":{"start":{"line":279,"column":4},"end":{"line":279,"column":29}},"34":{"start":{"line":283,"column":20},"end":{"line":283,"column":60}},"35":{"start":{"line":283,"column":37},"end":{"line":283,"column":59}},"36":{"start":{"line":284,"column":20},"end":{"line":284,"column":59}},"37":{"start":{"line":284,"column":37},"end":{"line":284,"column":58}},"38":{"start":{"line":285,"column":20},"end":{"line":285,"column":65}},"39":{"start":{"line":285,"column":47},"end":{"line":285,"column":61}},"40":{"start":{"line":287,"column":4},"end":{"line":287,"column":47}},"41":{"start":{"line":288,"column":4},"end":{"line":288,"column":49}},"42":{"start":{"line":289,"column":4},"end":{"line":289,"column":48}},"43":{"start":{"line":290,"column":4},"end":{"line":290,"column":94}},"44":{"start":{"line":221,"column":13},"end":{"line":221,"column":40}},"45":{"start":{"line":221,"column":13},"end":{"line":293,"column":null}}},"fnMap":{"0":{"name":"(anonymous_0)","decl":{"start":{"line":221,"column":7},"end":{"line":221,"column":13}},"loc":{"start":{"line":221,"column":7},"end":{"line":293,"column":1}}},"1":{"name":"(anonymous_1)","decl":{"start":{"line":238,"column":2},"end":{"line":238,"column":10}},"loc":{"start":{"line":238,"column":10},"end":{"line":240,"column":3}}},"2":{"name":"(anonymous_2)","decl":{"start":{"line":242,"column":2},"end":{"line":242,"column":18}},"loc":{"start":{"line":242,"column":18},"end":{"line":261,"column":3}}},"3":{"name":"(anonymous_3)","decl":{"start":{"line":246,"column":12},"end":{"line":246,"column":15}},"loc":{"start":{"line":246,"column":18},"end":{"line":252,"column":7}}},"4":{"name":"(anonymous_4)","decl":{"start":{"line":253,"column":13},"end":{"line":253,"column":16}},"loc":{"start":{"line":253,"column":18},"end":{"line":259,"column":7}}},"5":{"name":"(anonymous_5)","decl":{"start":{"line":263,"column":2},"end":{"line":263,"column":10}},"loc":{"start":{"line":263,"column":10},"end":{"line":270,"column":3}}},"6":{"name":"(anonymous_6)","decl":{"start":{"line":266,"column":12},"end":{"line":266,"column":15}},"loc":{"start":{"line":266,"column":18},"end":{"line":268,"column":7}}},"7":{"name":"(anonymous_7)","decl":{"start":{"line":267,"column":33},"end":{"line":267,"column":40}},"loc":{"start":{"line":267,"column":44},"end":{"line":267,"column":77}}},"8":{"name":"(anonymous_8)","decl":{"start":{"line":272,"column":2},"end":{"line":272,"column":15}},"loc":{"start":{"line":272,"column":30},"end":{"line":280,"column":3}}},"9":{"name":"(anonymous_9)","decl":{"start":{"line":282,"column":10},"end":{"line":282,"column":21}},"loc":{"start":{"line":282,"column":41},"end":{"line":291,"column":3}}},"10":{"name":"(anonymous_10)","decl":{"start":{"line":283,"column":32},"end":{"line":283,"column":33}},"loc":{"start":{"line":283,"column":37},"end":{"line":283,"column":59}}},"11":{"name":"(anonymous_11)","decl":{"start":{"line":284,"column":32},"end":{"line":284,"column":33}},"loc":{"start":{"line":284,"column":37},"end":{"line":284,"column":58}}},"12":{"name":"(anonymous_12)","decl":{"start":{"line":285,"column":35},"end":{"line":285,"column":36}},"loc":{"start":{"line":285,"column":47},"end":{"line":285,"column":61}}}},"branchMap":{"0":{"loc":{"start":{"line":245,"column":40},"end":{"line":245,"column":70}},"type":"binary-expr","locations":[{"start":{"line":245,"column":40},"end":{"line":245,"column":57}},{"start":{"line":245,"column":61},"end":{"line":245,"column":70}}]},"1":{"loc":{"start":{"line":265,"column":40},"end":{"line":265,"column":70}},"type":"binary-expr","locations":[{"start":{"line":265,"column":40},"end":{"line":265,"column":57}},{"start":{"line":265,"column":61},"end":{"line":265,"column":70}}]},"2":{"loc":{"start":{"line":279,"column":11},"end":{"line":279,"column":28}},"type":"binary-expr","locations":[{"start":{"line":279,"column":11},"end":{"line":279,"column":22}},{"start":{"line":279,"column":26},"end":{"line":279,"column":28}}]}},"s":{"0":0,"1":0,"2":0,"3":0,"4":0,"5":0,"6":0,"7":0,"8":0,"9":0,"10":0,"11":0,"12":0,"13":0,"14":0,"15":0,"16":0,"17":0,"18":0,"19":0,"20":0,"21":0,"22":0,"23":0,"24":0,"25":0,"26":0,"27":0,"28":0,"29":0,"30":0,"31":0,"32":0,"33":0,"34":0,"35":0,"36":0,"37":0,"38":0,"39":0,"40":0,"41":0,"42":0,"43":0,"44":0,"45":0},"f":{"0":0,"1":0,"2":0,"3":0,"4":0,"5":0,"6":0,"7":0,"8":0,"9":0,"10":0,"11":0,"12":0},"b":{"0":[0,0],"1":[0,0],"2":[0,0]}}
}
