{"C:\\Users\\athit\\Demo Projects\\2-payflow-payment-app\\src\\app\\app.component.ts": {"path":"C:\\Users\\athit\\Demo Projects\\2-payflow-payment-app\\src\\app\\app.component.ts","statementMap":{"0":{"start":{"line":1,"column":0},"end":{"line":1,"column":42}},"1":{"start":{"line":2,"column":0},"end":{"line":2,"column":59}},"2":{"start":{"line":79,"column":7},"end":{"line":79,"column":null}},"3":{"start":{"line":79,"column":13},"end":{"line":79,"column":25}},"4":{"start":{"line":79,"column":13},"end":{"line":79,"column":null}}},"fnMap":{},"branchMap":{},"s":{"0":1,"1":1,"2":1,"3":1,"4":1},"f":{},"b":{}}
,"C:\\Users\\athit\\Demo Projects\\2-payflow-payment-app\\src\\app\\app.config.ts": {"path":"C:\\Users\\athit\\Demo Projects\\2-payflow-payment-app\\src\\app\\app.config.ts","statementMap":{"0":{"start":{"line":1,"column":0},"end":{"line":1,"column":78}},"1":{"start":{"line":2,"column":0},"end":{"line":2,"column":96}},"2":{"start":{"line":3,"column":0},"end":{"line":3,"column":57}},"3":{"start":{"line":4,"column":0},"end":{"line":4,"column":73}},"4":{"start":{"line":5,"column":0},"end":{"line":5,"column":38}},"5":{"start":{"line":7,"column":13},"end":{"line":14,"column":2}}},"fnMap":{},"branchMap":{},"s":{"0":1,"1":1,"2":1,"3":1,"4":1,"5":1},"f":{},"b":{}}
,"C:\\Users\\athit\\Demo Projects\\2-payflow-payment-app\\src\\app\\app.routes.ts": {"path":"C:\\Users\\athit\\Demo Projects\\2-payflow-payment-app\\src\\app\\app.routes.ts","statementMap":{"0":{"start":{"line":3,"column":13},"end":{"line":29,"column":2}},"1":{"start":{"line":7,"column":6},"end":{"line":7,"column":96}},"2":{"start":{"line":7,"column":6},"end":{"line":7,"column":63}},"3":{"start":{"line":7,"column":73},"end":{"line":7,"column":95}},"4":{"start":{"line":13,"column":6},"end":{"line":13,"column":82}},"5":{"start":{"line":13,"column":6},"end":{"line":13,"column":53}},"6":{"start":{"line":13,"column":63},"end":{"line":13,"column":81}},"7":{"start":{"line":19,"column":6},"end":{"line":19,"column":82}},"8":{"start":{"line":19,"column":6},"end":{"line":19,"column":53}},"9":{"start":{"line":19,"column":63},"end":{"line":19,"column":81}},"10":{"start":{"line":25,"column":6},"end":{"line":25,"column":117}},"11":{"start":{"line":25,"column":6},"end":{"line":25,"column":77}},"12":{"start":{"line":25,"column":87},"end":{"line":25,"column":116}}},"fnMap":{"0":{"name":"(anonymous_0)","decl":{"start":{"line":6,"column":19},"end":{"line":6,"column":22}},"loc":{"start":{"line":7,"column":6},"end":{"line":7,"column":96}}},"1":{"name":"(anonymous_1)","decl":{"start":{"line":7,"column":6},"end":{"line":7,"column":13}},"loc":{"start":{"line":7,"column":6},"end":{"line":7,"column":63}}},"2":{"name":"(anonymous_2)","decl":{"start":{"line":7,"column":68},"end":{"line":7,"column":69}},"loc":{"start":{"line":7,"column":73},"end":{"line":7,"column":95}}},"3":{"name":"(anonymous_3)","decl":{"start":{"line":12,"column":19},"end":{"line":12,"column":22}},"loc":{"start":{"line":13,"column":6},"end":{"line":13,"column":82}}},"4":{"name":"(anonymous_4)","decl":{"start":{"line":13,"column":6},"end":{"line":13,"column":13}},"loc":{"start":{"line":13,"column":6},"end":{"line":13,"column":53}}},"5":{"name":"(anonymous_5)","decl":{"start":{"line":13,"column":58},"end":{"line":13,"column":59}},"loc":{"start":{"line":13,"column":63},"end":{"line":13,"column":81}}},"6":{"name":"(anonymous_6)","decl":{"start":{"line":18,"column":19},"end":{"line":18,"column":22}},"loc":{"start":{"line":19,"column":6},"end":{"line":19,"column":82}}},"7":{"name":"(anonymous_7)","decl":{"start":{"line":19,"column":6},"end":{"line":19,"column":13}},"loc":{"start":{"line":19,"column":6},"end":{"line":19,"column":53}}},"8":{"name":"(anonymous_8)","decl":{"start":{"line":19,"column":58},"end":{"line":19,"column":59}},"loc":{"start":{"line":19,"column":63},"end":{"line":19,"column":81}}},"9":{"name":"(anonymous_9)","decl":{"start":{"line":24,"column":19},"end":{"line":24,"column":22}},"loc":{"start":{"line":25,"column":6},"end":{"line":25,"column":117}}},"10":{"name":"(anonymous_10)","decl":{"start":{"line":25,"column":6},"end":{"line":25,"column":13}},"loc":{"start":{"line":25,"column":6},"end":{"line":25,"column":77}}},"11":{"name":"(anonymous_11)","decl":{"start":{"line":25,"column":82},"end":{"line":25,"column":83}},"loc":{"start":{"line":25,"column":87},"end":{"line":25,"column":116}}}},"branchMap":{},"s":{"0":2,"1":1,"2":1,"3":1,"4":1,"5":1,"6":1,"7":1,"8":1,"9":1,"10":1,"11":1,"12":1},"f":{"0":1,"1":1,"2":1,"3":1,"4":1,"5":1,"6":1,"7":1,"8":1,"9":1,"10":1,"11":1},"b":{}}
,"C:\\Users\\athit\\Demo Projects\\2-payflow-payment-app\\src\\app\\core\\services\\payment.service.ts": {"path":"C:\\Users\\athit\\Demo Projects\\2-payflow-payment-app\\src\\app\\core\\services\\payment.service.ts","statementMap":{"0":{"start":{"line":1,"column":0},"end":{"line":1,"column":51}},"1":{"start":{"line":2,"column":0},"end":{"line":2,"column":62}},"2":{"start":{"line":4,"column":0},"end":{"line":4,"column":64}},"3":{"start":{"line":12,"column":7},"end":{"line":54,"column":null}},"4":{"start":{"line":13,"column":10},"end":{"line":13,"column":36}},"5":{"start":{"line":14,"column":10},"end":{"line":14,"column":50}},"6":{"start":{"line":17,"column":4},"end":{"line":21,"column":7}},"7":{"start":{"line":25,"column":4},"end":{"line":25,"column":96}},"8":{"start":{"line":36,"column":4},"end":{"line":36,"column":80}},"9":{"start":{"line":40,"column":4},"end":{"line":42,"column":7}},"10":{"start":{"line":46,"column":4},"end":{"line":46,"column":83}},"11":{"start":{"line":50,"column":17},"end":{"line":50,"column":76}},"12":{"start":{"line":51,"column":4},"end":{"line":51,"column":54}},"13":{"start":{"line":51,"column":16},"end":{"line":51,"column":54}},"14":{"start":{"line":52,"column":4},"end":{"line":52,"column":91}},"15":{"start":{"line":12,"column":13},"end":{"line":12,"column":27}},"16":{"start":{"line":12,"column":13},"end":{"line":54,"column":null}}},"fnMap":{"0":{"name":"(anonymous_0)","decl":{"start":{"line":12,"column":7},"end":{"line":12,"column":13}},"loc":{"start":{"line":12,"column":7},"end":{"line":54,"column":1}}},"1":{"name":"(anonymous_1)","decl":{"start":{"line":16,"column":2},"end":{"line":16,"column":21}},"loc":{"start":{"line":16,"column":89},"end":{"line":22,"column":3}}},"2":{"name":"(anonymous_2)","decl":{"start":{"line":24,"column":2},"end":{"line":24,"column":12}},"loc":{"start":{"line":24,"column":45},"end":{"line":26,"column":3}}},"3":{"name":"(anonymous_3)","decl":{"start":{"line":28,"column":2},"end":{"line":28,"column":16}},"loc":{"start":{"line":35,"column":3},"end":{"line":37,"column":3}}},"4":{"name":"(anonymous_4)","decl":{"start":{"line":39,"column":2},"end":{"line":39,"column":15}},"loc":{"start":{"line":39,"column":49},"end":{"line":43,"column":3}}},"5":{"name":"(anonymous_5)","decl":{"start":{"line":45,"column":2},"end":{"line":45,"column":18}},"loc":{"start":{"line":45,"column":36},"end":{"line":47,"column":3}}},"6":{"name":"(anonymous_6)","decl":{"start":{"line":49,"column":2},"end":{"line":49,"column":17}},"loc":{"start":{"line":49,"column":57},"end":{"line":53,"column":3}}}},"branchMap":{"0":{"loc":{"start":{"line":16,"column":41},"end":{"line":16,"column":64}},"type":"default-arg","locations":[{"start":{"line":16,"column":58},"end":{"line":16,"column":64}}]},"1":{"loc":{"start":{"line":20,"column":10},"end":{"line":20,"column":67}},"type":"cond-expr","locations":[{"start":{"line":20,"column":27},"end":{"line":20,"column":62}},{"start":{"line":20,"column":65},"end":{"line":20,"column":67}}]},"2":{"loc":{"start":{"line":49,"column":35},"end":{"line":49,"column":43}},"type":"default-arg","locations":[{"start":{"line":49,"column":42},"end":{"line":49,"column":43}}]},"3":{"loc":{"start":{"line":49,"column":45},"end":{"line":49,"column":57}},"type":"default-arg","locations":[{"start":{"line":49,"column":55},"end":{"line":49,"column":57}}]},"4":{"loc":{"start":{"line":51,"column":4},"end":{"line":51,"column":54}},"type":"if","locations":[{"start":{"line":51,"column":4},"end":{"line":51,"column":54}}]}},"s":{"0":5,"1":5,"2":5,"3":5,"4":12,"5":12,"6":2,"7":1,"8":2,"9":1,"10":1,"11":5,"12":5,"13":2,"14":5,"15":5,"16":5},"f":{"0":12,"1":2,"2":1,"3":2,"4":1,"5":1,"6":5},"b":{"0":[0],"1":[1,1],"2":[2],"3":[2],"4":[2]}}
,"C:\\Users\\athit\\Demo Projects\\2-payflow-payment-app\\src\\app\\features\\failure\\failure.component.ts": {"path":"C:\\Users\\athit\\Demo Projects\\2-payflow-payment-app\\src\\app\\features\\failure\\failure.component.ts","statementMap":{"0":{"start":{"line":1,"column":0},"end":{"line":1,"column":58}},"1":{"start":{"line":2,"column":0},"end":{"line":2,"column":47}},"2":{"start":{"line":3,"column":0},"end":{"line":3,"column":61}},"3":{"start":{"line":128,"column":7},"end":{"line":139,"column":null}},"4":{"start":{"line":129,"column":10},"end":{"line":129,"column":41}},"5":{"start":{"line":131,"column":2},"end":{"line":131,"column":50}},"6":{"start":{"line":132,"column":2},"end":{"line":132,"column":17}},"7":{"start":{"line":135,"column":14},"end":{"line":135,"column":61}},"8":{"start":{"line":136,"column":4},"end":{"line":136,"column":27}},"9":{"start":{"line":136,"column":11},"end":{"line":136,"column":27}},"10":{"start":{"line":137,"column":4},"end":{"line":137,"column":79}},"11":{"start":{"line":128,"column":13},"end":{"line":128,"column":29}},"12":{"start":{"line":128,"column":13},"end":{"line":139,"column":null}}},"fnMap":{"0":{"name":"(anonymous_0)","decl":{"start":{"line":128,"column":7},"end":{"line":128,"column":13}},"loc":{"start":{"line":128,"column":7},"end":{"line":139,"column":1}}},"1":{"name":"(anonymous_1)","decl":{"start":{"line":134,"column":2},"end":{"line":134,"column":10}},"loc":{"start":{"line":134,"column":10},"end":{"line":138,"column":3}}}},"branchMap":{"0":{"loc":{"start":{"line":136,"column":4},"end":{"line":136,"column":27}},"type":"if","locations":[{"start":{"line":136,"column":4},"end":{"line":136,"column":27}}]},"1":{"loc":{"start":{"line":137,"column":21},"end":{"line":137,"column":78}},"type":"binary-expr","locations":[{"start":{"line":137,"column":21},"end":{"line":137,"column":72}},{"start":{"line":137,"column":76},"end":{"line":137,"column":78}}]}},"s":{"0":2,"1":2,"2":2,"3":2,"4":2,"5":2,"6":2,"7":2,"8":2,"9":1,"10":2,"11":2,"12":2},"f":{"0":2,"1":2},"b":{"0":[1],"1":[2,1]}}
,"C:\\Users\\athit\\Demo Projects\\2-payflow-payment-app\\src\\app\\features\\payment-form\\payment-form.component.ts": {"path":"C:\\Users\\athit\\Demo Projects\\2-payflow-payment-app\\src\\app\\features\\payment-form\\payment-form.component.ts","statementMap":{"0":{"start":{"line":1,"column":0},"end":{"line":1,"column":null}},"1":{"start":{"line":11,"column":0},"end":{"line":11,"column":47}},"2":{"start":{"line":12,"column":0},"end":{"line":12,"column":57}},"3":{"start":{"line":13,"column":0},"end":{"line":13,"column":45}},"4":{"start":{"line":14,"column":0},"end":{"line":14,"column":50}},"5":{"start":{"line":15,"column":0},"end":{"line":15,"column":74}},"6":{"start":{"line":16,"column":0},"end":{"line":16,"column":38}},"7":{"start":{"line":17,"column":0},"end":{"line":17,"column":41}},"8":{"start":{"line":18,"column":0},"end":{"line":18,"column":69}},"9":{"start":{"line":19,"column":0},"end":{"line":19,"column":64}},"10":{"start":{"line":836,"column":10},"end":{"line":836,"column":41}},"11":{"start":{"line":837,"column":10},"end":{"line":837,"column":34}},"12":{"start":{"line":838,"column":10},"end":{"line":838,"column":36}},"13":{"start":{"line":839,"column":10},"end":{"line":839,"column":50}},"14":{"start":{"line":842,"column":10},"end":{"line":842,"column":39}},"15":{"start":{"line":843,"column":10},"end":{"line":843,"column":55}},"16":{"start":{"line":846,"column":2},"end":{"line":846,"column":40}},"17":{"start":{"line":847,"column":2},"end":{"line":847,"column":43}},"18":{"start":{"line":848,"column":2},"end":{"line":848,"column":50}},"19":{"start":{"line":849,"column":2},"end":{"line":849,"column":29}},"20":{"start":{"line":850,"column":2},"end":{"line":850,"column":33}},"21":{"start":{"line":851,"column":2},"end":{"line":851,"column":30}},"22":{"start":{"line":852,"column":2},"end":{"line":852,"column":35}},"23":{"start":{"line":855,"column":2},"end":{"line":855,"column":25}},"24":{"start":{"line":856,"column":11},"end":{"line":856,"column":26}},"25":{"start":{"line":859,"column":2},"end":{"line":859,"column":30}},"26":{"start":{"line":860,"column":2},"end":{"line":860,"column":30}},"27":{"start":{"line":861,"column":2},"end":{"line":861,"column":46}},"28":{"start":{"line":862,"column":10},"end":{"line":862,"column":78}},"29":{"start":{"line":865,"column":10},"end":{"line":865,"column":65}},"30":{"start":{"line":867,"column":2},"end":{"line":867,"column":30}},"31":{"start":{"line":868,"column":2},"end":{"line":868,"column":24}},"32":{"start":{"line":869,"column":2},"end":{"line":869,"column":26}},"33":{"start":{"line":870,"column":2},"end":{"line":870,"column":28}},"34":{"start":{"line":871,"column":2},"end":{"line":871,"column":32}},"35":{"start":{"line":872,"column":2},"end":{"line":872,"column":25}},"36":{"start":{"line":874,"column":2},"end":{"line":874,"column":22}},"37":{"start":{"line":876,"column":11},"end":{"line":876,"column":53}},"38":{"start":{"line":878,"column":2},"end":{"line":883,"column":4}},"39":{"start":{"line":975,"column":2},"end":{"line":975,"column":87}},"40":{"start":{"line":975,"column":22},"end":{"line":975,"column":86}},"41":{"start":{"line":976,"column":2},"end":{"line":976,"column":78}},"42":{"start":{"line":976,"column":25},"end":{"line":976,"column":77}},"43":{"start":{"line":888,"column":15},"end":{"line":888,"column":66}},"44":{"start":{"line":889,"column":16},"end":{"line":889,"column":60}},"45":{"start":{"line":890,"column":4},"end":{"line":890,"column":36}},"46":{"start":{"line":890,"column":12},"end":{"line":890,"column":36}},"47":{"start":{"line":891,"column":4},"end":{"line":891,"column":38}},"48":{"start":{"line":891,"column":13},"end":{"line":891,"column":38}},"49":{"start":{"line":892,"column":4},"end":{"line":892,"column":34}},"50":{"start":{"line":892,"column":12},"end":{"line":892,"column":34}},"51":{"start":{"line":897,"column":4},"end":{"line":897,"column":22}},"52":{"start":{"line":901,"column":4},"end":{"line":901,"column":37}},"53":{"start":{"line":902,"column":4},"end":{"line":902,"column":32}},"54":{"start":{"line":903,"column":4},"end":{"line":903,"column":29}},"55":{"start":{"line":909,"column":4},"end":{"line":909,"column":34}},"56":{"start":{"line":910,"column":4},"end":{"line":944,"column":7}},"57":{"start":{"line":912,"column":8},"end":{"line":912,"column":28}},"58":{"start":{"line":913,"column":8},"end":{"line":913,"column":43}},"59":{"start":{"line":914,"column":8},"end":{"line":914,"column":47}},"60":{"start":{"line":915,"column":8},"end":{"line":915,"column":38}},"61":{"start":{"line":917,"column":8},"end":{"line":921,"column":9}},"62":{"start":{"line":918,"column":10},"end":{"line":918,"column":38}},"63":{"start":{"line":919,"column":10},"end":{"line":919,"column":88}},"64":{"start":{"line":920,"column":10},"end":{"line":920,"column":17}},"65":{"start":{"line":924,"column":8},"end":{"line":936,"column":9}},"66":{"start":{"line":925,"column":10},"end":{"line":925,"column":52}},"67":{"start":{"line":926,"column":26},"end":{"line":926,"column":63}},"68":{"start":{"line":927,"column":10},"end":{"line":935,"column":11}},"69":{"start":{"line":928,"column":12},"end":{"line":928,"column":55}},"70":{"start":{"line":929,"column":12},"end":{"line":932,"column":13}},"71":{"start":{"line":930,"column":14},"end":{"line":930,"column":47}},"72":{"start":{"line":931,"column":14},"end":{"line":931,"column":95}},"73":{"start":{"line":934,"column":12},"end":{"line":934,"column":40}},"74":{"start":{"line":939,"column":8},"end":{"line":941,"column":10}},"75":{"start":{"line":942,"column":8},"end":{"line":942,"column":34}},"76":{"start":{"line":948,"column":4},"end":{"line":948,"column":61}},"77":{"start":{"line":948,"column":26},"end":{"line":948,"column":61}},"78":{"start":{"line":954,"column":4},"end":{"line":954,"column":74}},"79":{"start":{"line":958,"column":4},"end":{"line":958,"column":29}},"80":{"start":{"line":959,"column":19},"end":{"line":959,"column":52}},"81":{"start":{"line":960,"column":17},"end":{"line":970,"column":5}},"82":{"start":{"line":961,"column":19},"end":{"line":961,"column":72}},"83":{"start":{"line":962,"column":6},"end":{"line":962,"column":37}},"84":{"start":{"line":963,"column":6},"end":{"line":969,"column":7}},"85":{"start":{"line":964,"column":8},"end":{"line":964,"column":33}},"86":{"start":{"line":965,"column":8},"end":{"line":965,"column":35}},"87":{"start":{"line":966,"column":8},"end":{"line":968,"column":9}},"88":{"start":{"line":967,"column":10},"end":{"line":967,"column":38}},"89":{"start":{"line":971,"column":4},"end":{"line":971,"column":11}},"90":{"start":{"line":972,"column":4},"end":{"line":972,"column":57}},"91":{"start":{"line":979,"column":4},"end":{"line":982,"column":5}},"92":{"start":{"line":980,"column":6},"end":{"line":980,"column":48}},"93":{"start":{"line":981,"column":6},"end":{"line":981,"column":40}},"94":{"start":{"line":986,"column":20},"end":{"line":986,"column":52}},"95":{"start":{"line":987,"column":4},"end":{"line":987,"column":65}},"96":{"start":{"line":987,"column":58},"end":{"line":987,"column":65}},"97":{"start":{"line":989,"column":4},"end":{"line":989,"column":37}},"98":{"start":{"line":990,"column":4},"end":{"line":990,"column":32}},"99":{"start":{"line":991,"column":4},"end":{"line":991,"column":28}},"100":{"start":{"line":993,"column":21},"end":{"line":1024,"column":6}},"101":{"start":{"line":1026,"column":4},"end":{"line":1041,"column":7}},"102":{"start":{"line":1043,"column":4},"end":{"line":1043,"column":36}},"103":{"start":{"line":1045,"column":4},"end":{"line":1047,"column":7}},"104":{"start":{"line":1046,"column":6},"end":{"line":1046,"column":38}},"105":{"start":{"line":1049,"column":4},"end":{"line":1051,"column":7}},"106":{"start":{"line":1050,"column":6},"end":{"line":1050,"column":53}},"107":{"start":{"line":1053,"column":4},"end":{"line":1053,"column":31}},"108":{"start":{"line":1057,"column":4},"end":{"line":1057,"column":29}},"109":{"start":{"line":1058,"column":4},"end":{"line":1058,"column":37}},"110":{"start":{"line":1059,"column":4},"end":{"line":1059,"column":32}},"111":{"start":{"line":1060,"column":4},"end":{"line":1060,"column":28}},"112":{"start":{"line":1062,"column":4},"end":{"line":1066,"column":7}},"113":{"start":{"line":1063,"column":6},"end":{"line":1065,"column":9}},"114":{"start":{"line":1064,"column":8},"end":{"line":1064,"column":32}},"115":{"start":{"line":1070,"column":4},"end":{"line":1077,"column":7}},"116":{"start":{"line":1081,"column":4},"end":{"line":1097,"column":5}},"117":{"start":{"line":1081,"column":23},"end":{"line":1081,"column":24}},"118":{"start":{"line":1082,"column":6},"end":{"line":1094,"column":7}},"119":{"start":{"line":1083,"column":23},"end":{"line":1083,"column":99}},"120":{"start":{"line":1084,"column":8},"end":{"line":1091,"column":9}},"121":{"start":{"line":1085,"column":10},"end":{"line":1089,"column":12}},"122":{"start":{"line":1090,"column":10},"end":{"line":1090,"column":22}},"123":{"start":{"line":1096,"column":6},"end":{"line":1096,"column":62}},"124":{"start":{"line":1096,"column":35},"end":{"line":1096,"column":60}},"125":{"start":{"line":1099,"column":4},"end":{"line":1099,"column":17}},"126":{"start":{"line":1105,"column":4},"end":{"line":1113,"column":5}},"127":{"start":{"line":1106,"column":6},"end":{"line":1106,"column":34}},"128":{"start":{"line":1107,"column":6},"end":{"line":1107,"column":39}},"129":{"start":{"line":1108,"column":6},"end":{"line":1108,"column":71}},"130":{"start":{"line":1109,"column":6},"end":{"line":1109,"column":31}},"131":{"start":{"line":1109,"column":24},"end":{"line":1109,"column":31}},"132":{"start":{"line":1110,"column":6},"end":{"line":1110,"column":30}},"133":{"start":{"line":1112,"column":6},"end":{"line":1112,"column":34}},"134":{"start":{"line":1119,"column":4},"end":{"line":1119,"column":35}},"135":{"start":{"line":1120,"column":4},"end":{"line":1120,"column":27}},"136":{"start":{"line":1126,"column":4},"end":{"line":1126,"column":59}},"137":{"start":{"line":1126,"column":52},"end":{"line":1126,"column":59}},"138":{"start":{"line":1128,"column":4},"end":{"line":1128,"column":32}},"139":{"start":{"line":1129,"column":4},"end":{"line":1159,"column":7}},"140":{"start":{"line":1130,"column":6},"end":{"line":1158,"column":7}},"141":{"start":{"line":1131,"column":23},"end":{"line":1131,"column":89}},"142":{"start":{"line":1132,"column":8},"end":{"line":1151,"column":11}},"143":{"start":{"line":1138,"column":12},"end":{"line":1142,"column":14}},"144":{"start":{"line":1145,"column":12},"end":{"line":1149,"column":13}},"145":{"start":{"line":1146,"column":14},"end":{"line":1146,"column":39}},"146":{"start":{"line":1147,"column":14},"end":{"line":1147,"column":41}},"147":{"start":{"line":1148,"column":14},"end":{"line":1148,"column":108}},"148":{"start":{"line":1153,"column":27},"end":{"line":1153,"column":49}},"149":{"start":{"line":1154,"column":8},"end":{"line":1154,"column":84}},"150":{"start":{"line":1155,"column":8},"end":{"line":1157,"column":11}},"151":{"start":{"line":1166,"column":4},"end":{"line":1166,"column":34}},"152":{"start":{"line":1166,"column":27},"end":{"line":1166,"column":34}},"153":{"start":{"line":1169,"column":4},"end":{"line":1172,"column":5}},"154":{"start":{"line":1170,"column":6},"end":{"line":1170,"column":53}},"155":{"start":{"line":1171,"column":6},"end":{"line":1171,"column":13}},"156":{"start":{"line":1173,"column":4},"end":{"line":1176,"column":5}},"157":{"start":{"line":1174,"column":6},"end":{"line":1174,"column":62}},"158":{"start":{"line":1175,"column":6},"end":{"line":1175,"column":13}},"159":{"start":{"line":1177,"column":4},"end":{"line":1180,"column":5}},"160":{"start":{"line":1178,"column":6},"end":{"line":1178,"column":70}},"161":{"start":{"line":1179,"column":6},"end":{"line":1179,"column":13}},"162":{"start":{"line":1181,"column":4},"end":{"line":1184,"column":5}},"163":{"start":{"line":1182,"column":6},"end":{"line":1182,"column":71}},"164":{"start":{"line":1183,"column":6},"end":{"line":1183,"column":13}},"165":{"start":{"line":1185,"column":4},"end":{"line":1188,"column":5}},"166":{"start":{"line":1186,"column":6},"end":{"line":1186,"column":84}},"167":{"start":{"line":1187,"column":6},"end":{"line":1187,"column":13}},"168":{"start":{"line":1190,"column":4},"end":{"line":1190,"column":30}},"169":{"start":{"line":1191,"column":4},"end":{"line":1191,"column":35}},"170":{"start":{"line":1192,"column":4},"end":{"line":1192,"column":27}},"171":{"start":{"line":1194,"column":4},"end":{"line":1286,"column":5}},"172":{"start":{"line":1198,"column":21},"end":{"line":1200,"column":null}},"173":{"start":{"line":1204,"column":39},"end":{"line":1206,"column":null}},"174":{"start":{"line":1210,"column":6},"end":{"line":1210,"column":34}},"175":{"start":{"line":1211,"column":6},"end":{"line":1211,"column":42}},"176":{"start":{"line":1213,"column":6},"end":{"line":1236,"column":7}},"177":{"start":{"line":1215,"column":8},"end":{"line":1222,"column":9}},"178":{"start":{"line":1216,"column":10},"end":{"line":1219,"column":12}},"179":{"start":{"line":1224,"column":8},"end":{"line":1224,"column":43}},"180":{"start":{"line":1224,"column":36},"end":{"line":1224,"column":41}},"181":{"start":{"line":1225,"column":8},"end":{"line":1225,"column":63}},"182":{"start":{"line":1226,"column":8},"end":{"line":1226,"column":41}},"183":{"start":{"line":1227,"column":8},"end":{"line":1227,"column":32}},"184":{"start":{"line":1228,"column":25},"end":{"line":1230,"column":14}},"185":{"start":{"line":1231,"column":8},"end":{"line":1233,"column":10}},"186":{"start":{"line":1234,"column":8},"end":{"line":1234,"column":33}},"187":{"start":{"line":1235,"column":8},"end":{"line":1235,"column":15}},"188":{"start":{"line":1238,"column":6},"end":{"line":1250,"column":7}},"189":{"start":{"line":1239,"column":23},"end":{"line":1239,"column":73}},"190":{"start":{"line":1240,"column":28},"end":{"line":1246,"column":null}},"191":{"start":{"line":1248,"column":8},"end":{"line":1248,"column":36}},"192":{"start":{"line":1249,"column":8},"end":{"line":1249,"column":114}},"193":{"start":{"line":1253,"column":21},"end":{"line":1253,"column":32}},"194":{"start":{"line":1254,"column":29},"end":{"line":1254,"column":53}},"195":{"start":{"line":1256,"column":6},"end":{"line":1283,"column":7}},"196":{"start":{"line":1265,"column":8},"end":{"line":1265,"column":37}},"197":{"start":{"line":1266,"column":8},"end":{"line":1266,"column":114}},"198":{"start":{"line":1267,"column":13},"end":{"line":1283,"column":7}},"199":{"start":{"line":1268,"column":8},"end":{"line":1274,"column":9}},"200":{"start":{"line":1269,"column":10},"end":{"line":1269,"column":43}},"201":{"start":{"line":1270,"column":10},"end":{"line":1270,"column":34}},"202":{"start":{"line":1271,"column":10},"end":{"line":1271,"column":90}},"203":{"start":{"line":1273,"column":10},"end":{"line":1273,"column":38}},"204":{"start":{"line":1275,"column":13},"end":{"line":1283,"column":7}},"205":{"start":{"line":1276,"column":8},"end":{"line":1276,"column":41}},"206":{"start":{"line":1277,"column":8},"end":{"line":1277,"column":32}},"207":{"start":{"line":1278,"column":8},"end":{"line":1278,"column":67}},"208":{"start":{"line":1280,"column":8},"end":{"line":1280,"column":41}},"209":{"start":{"line":1281,"column":8},"end":{"line":1281,"column":32}},"210":{"start":{"line":1282,"column":8},"end":{"line":1282,"column":74}},"211":{"start":{"line":1285,"column":6},"end":{"line":1285,"column":33}},"212":{"start":{"line":1292,"column":4},"end":{"line":1292,"column":35}},"213":{"start":{"line":1293,"column":4},"end":{"line":1302,"column":7}},"214":{"start":{"line":1294,"column":14},"end":{"line":1294,"column":15}},"215":{"start":{"line":1295,"column":17},"end":{"line":1301,"column":13}},"216":{"start":{"line":1296,"column":8},"end":{"line":1296,"column":40}},"217":{"start":{"line":1297,"column":8},"end":{"line":1300,"column":9}},"218":{"start":{"line":1298,"column":10},"end":{"line":1298,"column":28}},"219":{"start":{"line":1299,"column":10},"end":{"line":1299,"column":35}},"220":{"start":{"line":833,"column":13},"end":{"line":833,"column":33}},"221":{"start":{"line":833,"column":13},"end":{"line":1304,"column":null}}},"fnMap":{"0":{"name":"(anonymous_0)","decl":{"start":{"line":833,"column":7},"end":{"line":833,"column":13}},"loc":{"start":{"line":833,"column":7},"end":{"line":1304,"column":1}}},"1":{"name":"(anonymous_1)","decl":{"start":{"line":975,"column":16},"end":{"line":975,"column":19}},"loc":{"start":{"line":975,"column":22},"end":{"line":975,"column":86}}},"2":{"name":"(anonymous_2)","decl":{"start":{"line":976,"column":19},"end":{"line":976,"column":22}},"loc":{"start":{"line":976,"column":25},"end":{"line":976,"column":77}}},"3":{"name":"(anonymous_3)","decl":{"start":{"line":887,"column":2},"end":{"line":887,"column":10}},"loc":{"start":{"line":887,"column":10},"end":{"line":893,"column":3}}},"4":{"name":"(anonymous_4)","decl":{"start":{"line":895,"column":2},"end":{"line":895,"column":17}},"loc":{"start":{"line":895,"column":17},"end":{"line":898,"column":3}}},"5":{"name":"(anonymous_5)","decl":{"start":{"line":900,"column":2},"end":{"line":900,"column":13}},"loc":{"start":{"line":900,"column":13},"end":{"line":904,"column":3}}},"6":{"name":"(anonymous_6)","decl":{"start":{"line":908,"column":2},"end":{"line":908,"column":13}},"loc":{"start":{"line":908,"column":24},"end":{"line":945,"column":3}}},"7":{"name":"(anonymous_7)","decl":{"start":{"line":911,"column":12},"end":{"line":911,"column":13}},"loc":{"start":{"line":911,"column":16},"end":{"line":937,"column":7}}},"8":{"name":"(anonymous_8)","decl":{"start":{"line":938,"column":13},"end":{"line":938,"column":16}},"loc":{"start":{"line":938,"column":18},"end":{"line":943,"column":7}}},"9":{"name":"(anonymous_9)","decl":{"start":{"line":947,"column":2},"end":{"line":947,"column":18}},"loc":{"start":{"line":947,"column":18},"end":{"line":949,"column":3}}},"10":{"name":"(anonymous_10)","decl":{"start":{"line":953,"column":10},"end":{"line":953,"column":32}},"loc":{"start":{"line":953,"column":32},"end":{"line":955,"column":3}}},"11":{"name":"(anonymous_11)","decl":{"start":{"line":957,"column":10},"end":{"line":957,"column":28}},"loc":{"start":{"line":957,"column":50},"end":{"line":973,"column":3}}},"12":{"name":"(anonymous_12)","decl":{"start":{"line":960,"column":17},"end":{"line":960,"column":20}},"loc":{"start":{"line":960,"column":22},"end":{"line":970,"column":5}}},"13":{"name":"(anonymous_13)","decl":{"start":{"line":978,"column":10},"end":{"line":978,"column":27}},"loc":{"start":{"line":978,"column":27},"end":{"line":983,"column":3}}},"14":{"name":"(anonymous_14)","decl":{"start":{"line":985,"column":10},"end":{"line":985,"column":26}},"loc":{"start":{"line":985,"column":26},"end":{"line":1054,"column":3}}},"15":{"name":"(anonymous_15)","decl":{"start":{"line":1045,"column":33},"end":{"line":1045,"column":36}},"loc":{"start":{"line":1045,"column":38},"end":{"line":1047,"column":5}}},"16":{"name":"(anonymous_16)","decl":{"start":{"line":1049,"column":34},"end":{"line":1049,"column":39}},"loc":{"start":{"line":1049,"column":42},"end":{"line":1051,"column":5}}},"17":{"name":"(anonymous_17)","decl":{"start":{"line":1056,"column":10},"end":{"line":1056,"column":26}},"loc":{"start":{"line":1056,"column":26},"end":{"line":1067,"column":3}}},"18":{"name":"(anonymous_18)","decl":{"start":{"line":1062,"column":26},"end":{"line":1062,"column":29}},"loc":{"start":{"line":1062,"column":31},"end":{"line":1066,"column":5}}},"19":{"name":"(anonymous_19)","decl":{"start":{"line":1063,"column":28},"end":{"line":1063,"column":31}},"loc":{"start":{"line":1063,"column":33},"end":{"line":1065,"column":7}}},"20":{"name":"(anonymous_20)","decl":{"start":{"line":1069,"column":10},"end":{"line":1069,"column":27}},"loc":{"start":{"line":1069,"column":87},"end":{"line":1078,"column":3}}},"21":{"name":"(anonymous_21)","decl":{"start":{"line":1080,"column":10},"end":{"line":1080,"column":15}},"loc":{"start":{"line":1080,"column":38},"end":{"line":1100,"column":3}}},"22":{"name":"(anonymous_22)","decl":{"start":{"line":1096,"column":24},"end":{"line":1096,"column":31}},"loc":{"start":{"line":1096,"column":35},"end":{"line":1096,"column":60}}},"23":{"name":"(anonymous_23)","decl":{"start":{"line":1104,"column":10},"end":{"line":1104,"column":15}},"loc":{"start":{"line":1104,"column":26},"end":{"line":1114,"column":3}}},"24":{"name":"(anonymous_24)","decl":{"start":{"line":1118,"column":2},"end":{"line":1118,"column":11}},"loc":{"start":{"line":1118,"column":35},"end":{"line":1121,"column":3}}},"25":{"name":"(anonymous_25)","decl":{"start":{"line":1125,"column":2},"end":{"line":1125,"column":20}},"loc":{"start":{"line":1125,"column":37},"end":{"line":1160,"column":3}}},"26":{"name":"(anonymous_26)","decl":{"start":{"line":1129,"column":39},"end":{"line":1129,"column":42}},"loc":{"start":{"line":1129,"column":44},"end":{"line":1159,"column":5}}},"27":{"name":"(anonymous_27)","decl":{"start":{"line":1137,"column":16},"end":{"line":1137,"column":17}},"loc":{"start":{"line":1137,"column":32},"end":{"line":1143,"column":11}}},"28":{"name":"(anonymous_28)","decl":{"start":{"line":1144,"column":17},"end":{"line":1144,"column":22}},"loc":{"start":{"line":1144,"column":28},"end":{"line":1150,"column":11}}},"29":{"name":"(anonymous_29)","decl":{"start":{"line":1164,"column":2},"end":{"line":1164,"column":7}},"loc":{"start":{"line":1164,"column":26},"end":{"line":1287,"column":3}}},"30":{"name":"(anonymous_30)","decl":{"start":{"line":1224,"column":31},"end":{"line":1224,"column":32}},"loc":{"start":{"line":1224,"column":36},"end":{"line":1224,"column":41}}},"31":{"name":"(anonymous_31)","decl":{"start":{"line":1291,"column":10},"end":{"line":1291,"column":32}},"loc":{"start":{"line":1291,"column":32},"end":{"line":1303,"column":3}}},"32":{"name":"(anonymous_32)","decl":{"start":{"line":1293,"column":23},"end":{"line":1293,"column":30}},"loc":{"start":{"line":1293,"column":33},"end":{"line":1302,"column":5}}},"33":{"name":"(anonymous_33)","decl":{"start":{"line":1295,"column":29},"end":{"line":1295,"column":32}},"loc":{"start":{"line":1295,"column":34},"end":{"line":1301,"column":7}}}},"branchMap":{"0":{"loc":{"start":{"line":890,"column":4},"end":{"line":890,"column":36}},"type":"if","locations":[{"start":{"line":890,"column":4},"end":{"line":890,"column":36}}]},"1":{"loc":{"start":{"line":891,"column":4},"end":{"line":891,"column":38}},"type":"if","locations":[{"start":{"line":891,"column":4},"end":{"line":891,"column":38}}]},"2":{"loc":{"start":{"line":892,"column":4},"end":{"line":892,"column":34}},"type":"if","locations":[{"start":{"line":892,"column":4},"end":{"line":892,"column":34}}]},"3":{"loc":{"start":{"line":917,"column":8},"end":{"line":921,"column":9}},"type":"if","locations":[{"start":{"line":917,"column":8},"end":{"line":921,"column":9}}]},"4":{"loc":{"start":{"line":924,"column":8},"end":{"line":936,"column":9}},"type":"if","locations":[{"start":{"line":924,"column":8},"end":{"line":936,"column":9}}]},"5":{"loc":{"start":{"line":927,"column":10},"end":{"line":935,"column":11}},"type":"if","locations":[{"start":{"line":927,"column":10},"end":{"line":935,"column":11}},{"start":{"line":933,"column":17},"end":{"line":935,"column":11}}]},"6":{"loc":{"start":{"line":929,"column":12},"end":{"line":932,"column":13}},"type":"if","locations":[{"start":{"line":929,"column":12},"end":{"line":932,"column":13}}]},"7":{"loc":{"start":{"line":948,"column":4},"end":{"line":948,"column":61}},"type":"if","locations":[{"start":{"line":948,"column":4},"end":{"line":948,"column":61}}]},"8":{"loc":{"start":{"line":963,"column":6},"end":{"line":969,"column":7}},"type":"if","locations":[{"start":{"line":963,"column":6},"end":{"line":969,"column":7}}]},"9":{"loc":{"start":{"line":966,"column":8},"end":{"line":968,"column":9}},"type":"if","locations":[{"start":{"line":966,"column":8},"end":{"line":968,"column":9}}]},"10":{"loc":{"start":{"line":966,"column":12},"end":{"line":966,"column":75}},"type":"binary-expr","locations":[{"start":{"line":966,"column":12},"end":{"line":966,"column":43}},{"start":{"line":966,"column":47},"end":{"line":966,"column":75}}]},"11":{"loc":{"start":{"line":979,"column":4},"end":{"line":982,"column":5}},"type":"if","locations":[{"start":{"line":979,"column":4},"end":{"line":982,"column":5}}]},"12":{"loc":{"start":{"line":987,"column":4},"end":{"line":987,"column":65}},"type":"if","locations":[{"start":{"line":987,"column":4},"end":{"line":987,"column":65}}]},"13":{"loc":{"start":{"line":987,"column":8},"end":{"line":987,"column":56}},"type":"binary-expr","locations":[{"start":{"line":987,"column":8},"end":{"line":987,"column":20}},{"start":{"line":987,"column":24},"end":{"line":987,"column":32}},{"start":{"line":987,"column":36},"end":{"line":987,"column":56}}]},"14":{"loc":{"start":{"line":1050,"column":25},"end":{"line":1050,"column":51}},"type":"binary-expr","locations":[{"start":{"line":1050,"column":25},"end":{"line":1050,"column":45}},{"start":{"line":1050,"column":49},"end":{"line":1050,"column":51}}]},"15":{"loc":{"start":{"line":1075,"column":21},"end":{"line":1075,"column":83}},"type":"binary-expr","locations":[{"start":{"line":1075,"column":21},"end":{"line":1075,"column":31}},{"start":{"line":1075,"column":35},"end":{"line":1075,"column":52}},{"start":{"line":1075,"column":56},"end":{"line":1075,"column":83}}]},"16":{"loc":{"start":{"line":1084,"column":8},"end":{"line":1091,"column":9}},"type":"if","locations":[{"start":{"line":1084,"column":8},"end":{"line":1091,"column":9}}]},"17":{"loc":{"start":{"line":1086,"column":12},"end":{"line":1086,"column":77}},"type":"binary-expr","locations":[{"start":{"line":1086,"column":12},"end":{"line":1086,"column":54}},{"start":{"line":1086,"column":58},"end":{"line":1086,"column":77}}]},"18":{"loc":{"start":{"line":1087,"column":12},"end":{"line":1087,"column":69}},"type":"binary-expr","locations":[{"start":{"line":1087,"column":12},"end":{"line":1087,"column":45}},{"start":{"line":1087,"column":49},"end":{"line":1087,"column":69}}]},"19":{"loc":{"start":{"line":1109,"column":6},"end":{"line":1109,"column":31}},"type":"if","locations":[{"start":{"line":1109,"column":6},"end":{"line":1109,"column":31}}]},"20":{"loc":{"start":{"line":1126,"column":4},"end":{"line":1126,"column":59}},"type":"if","locations":[{"start":{"line":1126,"column":4},"end":{"line":1126,"column":59}}]},"21":{"loc":{"start":{"line":1126,"column":8},"end":{"line":1126,"column":50}},"type":"binary-expr","locations":[{"start":{"line":1126,"column":8},"end":{"line":1126,"column":25}},{"start":{"line":1126,"column":29},"end":{"line":1126,"column":50}}]},"22":{"loc":{"start":{"line":1130,"column":6},"end":{"line":1158,"column":7}},"type":"if","locations":[{"start":{"line":1130,"column":6},"end":{"line":1158,"column":7}},{"start":{"line":1152,"column":13},"end":{"line":1158,"column":7}}]},"23":{"loc":{"start":{"line":1145,"column":12},"end":{"line":1149,"column":13}},"type":"if","locations":[{"start":{"line":1145,"column":12},"end":{"line":1149,"column":13}}]},"24":{"loc":{"start":{"line":1166,"column":4},"end":{"line":1166,"column":34}},"type":"if","locations":[{"start":{"line":1166,"column":4},"end":{"line":1166,"column":34}}]},"25":{"loc":{"start":{"line":1169,"column":4},"end":{"line":1172,"column":5}},"type":"if","locations":[{"start":{"line":1169,"column":4},"end":{"line":1172,"column":5}}]},"26":{"loc":{"start":{"line":1173,"column":4},"end":{"line":1176,"column":5}},"type":"if","locations":[{"start":{"line":1173,"column":4},"end":{"line":1176,"column":5}}]},"27":{"loc":{"start":{"line":1177,"column":4},"end":{"line":1180,"column":5}},"type":"if","locations":[{"start":{"line":1177,"column":4},"end":{"line":1180,"column":5}}]},"28":{"loc":{"start":{"line":1177,"column":8},"end":{"line":1177,"column":41}},"type":"binary-expr","locations":[{"start":{"line":1177,"column":8},"end":{"line":1177,"column":20}},{"start":{"line":1177,"column":24},"end":{"line":1177,"column":41}}]},"29":{"loc":{"start":{"line":1181,"column":4},"end":{"line":1184,"column":5}},"type":"if","locations":[{"start":{"line":1181,"column":4},"end":{"line":1184,"column":5}}]},"30":{"loc":{"start":{"line":1185,"column":4},"end":{"line":1188,"column":5}},"type":"if","locations":[{"start":{"line":1185,"column":4},"end":{"line":1188,"column":5}}]},"31":{"loc":{"start":{"line":1213,"column":6},"end":{"line":1236,"column":7}},"type":"if","locations":[{"start":{"line":1213,"column":6},"end":{"line":1236,"column":7}}]},"32":{"loc":{"start":{"line":1217,"column":64},"end":{"line":1217,"column":96}},"type":"binary-expr","locations":[{"start":{"line":1217,"column":64},"end":{"line":1217,"column":77}},{"start":{"line":1217,"column":81},"end":{"line":1217,"column":96}}]},"33":{"loc":{"start":{"line":1228,"column":25},"end":{"line":1230,"column":14}},"type":"cond-expr","locations":[{"start":{"line":1229,"column":12},"end":{"line":1229,"column":88}},{"start":{"line":1230,"column":12},"end":{"line":1230,"column":14}}]},"34":{"loc":{"start":{"line":1232,"column":13},"end":{"line":1232,"column":47}},"type":"binary-expr","locations":[{"start":{"line":1232,"column":13},"end":{"line":1232,"column":26}},{"start":{"line":1232,"column":30},"end":{"line":1232,"column":47}}]},"35":{"loc":{"start":{"line":1238,"column":6},"end":{"line":1250,"column":7}},"type":"if","locations":[{"start":{"line":1238,"column":6},"end":{"line":1250,"column":7}}]},"36":{"loc":{"start":{"line":1254,"column":29},"end":{"line":1254,"column":53}},"type":"binary-expr","locations":[{"start":{"line":1254,"column":29},"end":{"line":1254,"column":47}},{"start":{"line":1254,"column":51},"end":{"line":1254,"column":53}}]},"37":{"loc":{"start":{"line":1256,"column":6},"end":{"line":1283,"column":7}},"type":"if","locations":[{"start":{"line":1256,"column":6},"end":{"line":1283,"column":7}},{"start":{"line":1267,"column":13},"end":{"line":1283,"column":7}}]},"38":{"loc":{"start":{"line":1257,"column":8},"end":{"line":1262,"column":null}},"type":"binary-expr","locations":[{"start":{"line":1257,"column":8},"end":{"line":1257,"column":22}},{"start":{"line":1259,"column":10},"end":{"line":1259,"column":54}},{"start":{"line":1260,"column":10},"end":{"line":1260,"column":52}},{"start":{"line":1261,"column":10},"end":{"line":1261,"column":51}},{"start":{"line":1262,"column":10},"end":{"line":1262,"column":50}}]},"39":{"loc":{"start":{"line":1266,"column":27},"end":{"line":1266,"column":112}},"type":"binary-expr","locations":[{"start":{"line":1266,"column":27},"end":{"line":1266,"column":33}},{"start":{"line":1266,"column":37},"end":{"line":1266,"column":112}}]},"40":{"loc":{"start":{"line":1267,"column":13},"end":{"line":1283,"column":7}},"type":"if","locations":[{"start":{"line":1267,"column":13},"end":{"line":1283,"column":7}},{"start":{"line":1275,"column":13},"end":{"line":1283,"column":7}}]},"41":{"loc":{"start":{"line":1267,"column":17},"end":{"line":1267,"column":80}},"type":"binary-expr","locations":[{"start":{"line":1267,"column":17},"end":{"line":1267,"column":31}},{"start":{"line":1267,"column":35},"end":{"line":1267,"column":80}}]},"42":{"loc":{"start":{"line":1268,"column":8},"end":{"line":1274,"column":9}},"type":"if","locations":[{"start":{"line":1268,"column":8},"end":{"line":1274,"column":9}},{"start":{"line":1272,"column":15},"end":{"line":1274,"column":9}}]},"43":{"loc":{"start":{"line":1275,"column":13},"end":{"line":1283,"column":7}},"type":"if","locations":[{"start":{"line":1275,"column":13},"end":{"line":1283,"column":7}},{"start":{"line":1279,"column":13},"end":{"line":1283,"column":7}}]},"44":{"loc":{"start":{"line":1282,"column":27},"end":{"line":1282,"column":72}},"type":"binary-expr","locations":[{"start":{"line":1282,"column":27},"end":{"line":1282,"column":33}},{"start":{"line":1282,"column":37},"end":{"line":1282,"column":72}}]},"45":{"loc":{"start":{"line":1297,"column":8},"end":{"line":1300,"column":9}},"type":"if","locations":[{"start":{"line":1297,"column":8},"end":{"line":1300,"column":9}}]}},"s":{"0":2,"1":2,"2":2,"3":2,"4":2,"5":2,"6":2,"7":2,"8":2,"9":2,"10":33,"11":33,"12":33,"13":33,"14":33,"15":33,"16":33,"17":33,"18":33,"19":33,"20":33,"21":33,"22":33,"23":33,"24":33,"25":33,"26":33,"27":33,"28":33,"29":33,"30":33,"31":33,"32":33,"33":33,"34":33,"35":33,"36":33,"37":33,"38":33,"39":33,"40":0,"41":33,"42":0,"43":6,"44":6,"45":6,"46":6,"47":6,"48":6,"49":6,"50":6,"51":1,"52":34,"53":34,"54":34,"55":6,"56":6,"57":5,"58":5,"59":5,"60":5,"61":5,"62":1,"63":1,"64":1,"65":4,"66":3,"67":3,"68":3,"69":2,"70":2,"71":1,"72":1,"73":1,"74":1,"75":1,"76":2,"77":1,"78":36,"79":5,"80":5,"81":5,"82":8,"83":8,"84":8,"85":2,"86":2,"87":2,"88":1,"89":5,"90":5,"91":41,"92":5,"93":5,"94":7,"95":7,"96":4,"97":3,"98":3,"99":3,"100":3,"101":3,"102":3,"103":3,"104":1,"105":3,"106":1,"107":3,"108":6,"109":6,"110":6,"111":6,"112":6,"113":5,"114":5,"115":4,"116":2,"117":2,"118":8,"119":8,"120":2,"121":1,"122":1,"123":7,"124":7,"125":1,"126":4,"127":4,"128":4,"129":4,"130":3,"131":1,"132":2,"133":1,"134":1,"135":1,"136":3,"137":0,"138":3,"139":3,"140":3,"141":2,"142":2,"143":1,"144":1,"145":1,"146":1,"147":1,"148":1,"149":1,"150":1,"151":15,"152":1,"153":14,"154":1,"155":1,"156":13,"157":1,"158":1,"159":12,"160":1,"161":1,"162":11,"163":1,"164":1,"165":10,"166":1,"167":1,"168":9,"169":9,"170":9,"171":9,"172":9,"173":4,"174":4,"175":4,"176":4,"177":3,"178":3,"179":3,"180":3,"181":3,"182":3,"183":3,"184":3,"185":3,"186":3,"187":3,"188":1,"189":1,"190":1,"191":1,"192":1,"193":5,"194":5,"195":5,"196":1,"197":1,"198":4,"199":2,"200":1,"201":1,"202":1,"203":1,"204":2,"205":1,"206":1,"207":1,"208":1,"209":1,"210":1,"211":9,"212":7,"213":7,"214":7,"215":7,"216":28,"217":28,"218":7,"219":7,"220":2,"221":2},"f":{"0":33,"1":0,"2":0,"3":6,"4":1,"5":34,"6":6,"7":5,"8":1,"9":2,"10":36,"11":5,"12":8,"13":41,"14":7,"15":1,"16":1,"17":6,"18":5,"19":5,"20":4,"21":2,"22":7,"23":4,"24":1,"25":3,"26":3,"27":1,"28":1,"29":15,"30":3,"31":7,"32":7,"33":28},"b":{"0":[6],"1":[6],"2":[6],"3":[1],"4":[3],"5":[2,1],"6":[1],"7":[1],"8":[2],"9":[1],"10":[2,2],"11":[5],"12":[4],"13":[7,7,3],"14":[1,0],"15":[4,0,0],"16":[1],"17":[1,0],"18":[1,0],"19":[1],"20":[0],"21":[3,3],"22":[2,1],"23":[1],"24":[1],"25":[1],"26":[1],"27":[1],"28":[12,11],"29":[1],"30":[1],"31":[3],"32":[3,0],"33":[0,3],"34":[3,0],"35":[1],"36":[5,1],"37":[1,4],"38":[5,3,3,2,2],"39":[1,0],"40":[2,2],"41":[4,2],"42":[1,1],"43":[1,1],"44":[1,0],"45":[7]}}
,"C:\\Users\\athit\\Demo Projects\\2-payflow-payment-app\\src\\app\\features\\success\\success.component.ts": {"path":"C:\\Users\\athit\\Demo Projects\\2-payflow-payment-app\\src\\app\\features\\success\\success.component.ts","statementMap":{"0":{"start":{"line":1,"column":0},"end":{"line":1,"column":58}},"1":{"start":{"line":2,"column":0},"end":{"line":2,"column":47}},"2":{"start":{"line":3,"column":0},"end":{"line":3,"column":61}},"3":{"start":{"line":4,"column":0},"end":{"line":4,"column":64}},"4":{"start":{"line":243,"column":7},"end":{"line":268,"column":null}},"5":{"start":{"line":244,"column":10},"end":{"line":244,"column":41}},"6":{"start":{"line":246,"column":2},"end":{"line":246,"column":22}},"7":{"start":{"line":247,"column":2},"end":{"line":247,"column":13}},"8":{"start":{"line":248,"column":2},"end":{"line":248,"column":44}},"9":{"start":{"line":249,"column":2},"end":{"line":249,"column":18}},"10":{"start":{"line":250,"column":2},"end":{"line":250,"column":17}},"11":{"start":{"line":252,"column":2},"end":{"line":255,"column":6}},"12":{"start":{"line":252,"column":56},"end":{"line":255,"column":4}},"13":{"start":{"line":258,"column":4},"end":{"line":258,"column":90}},"14":{"start":{"line":259,"column":4},"end":{"line":259,"column":83}},"15":{"start":{"line":260,"column":4},"end":{"line":260,"column":81}},"16":{"start":{"line":261,"column":4},"end":{"line":261,"column":79}},"17":{"start":{"line":263,"column":23},"end":{"line":263,"column":75}},"18":{"start":{"line":264,"column":4},"end":{"line":264,"column":77}},"19":{"start":{"line":264,"column":25},"end":{"line":264,"column":77}},"20":{"start":{"line":265,"column":4},"end":{"line":265,"column":82}},"21":{"start":{"line":265,"column":24},"end":{"line":265,"column":82}},"22":{"start":{"line":266,"column":4},"end":{"line":266,"column":47}},"23":{"start":{"line":243,"column":13},"end":{"line":243,"column":29}},"24":{"start":{"line":243,"column":13},"end":{"line":268,"column":null}}},"fnMap":{"0":{"name":"(anonymous_0)","decl":{"start":{"line":243,"column":7},"end":{"line":243,"column":13}},"loc":{"start":{"line":243,"column":7},"end":{"line":268,"column":1}}},"1":{"name":"(anonymous_1)","decl":{"start":{"line":252,"column":45},"end":{"line":252,"column":46}},"loc":{"start":{"line":252,"column":56},"end":{"line":255,"column":4}}},"2":{"name":"(anonymous_2)","decl":{"start":{"line":257,"column":2},"end":{"line":257,"column":10}},"loc":{"start":{"line":257,"column":10},"end":{"line":267,"column":3}}}},"branchMap":{"0":{"loc":{"start":{"line":258,"column":26},"end":{"line":258,"column":89}},"type":"binary-expr","locations":[{"start":{"line":258,"column":26},"end":{"line":258,"column":70}},{"start":{"line":258,"column":74},"end":{"line":258,"column":89}}]},"1":{"loc":{"start":{"line":259,"column":25},"end":{"line":259,"column":81}},"type":"binary-expr","locations":[{"start":{"line":259,"column":25},"end":{"line":259,"column":72}},{"start":{"line":259,"column":76},"end":{"line":259,"column":81}}]},"2":{"loc":{"start":{"line":260,"column":22},"end":{"line":260,"column":80}},"type":"binary-expr","locations":[{"start":{"line":260,"column":22},"end":{"line":260,"column":74}},{"start":{"line":260,"column":78},"end":{"line":260,"column":80}}]},"3":{"loc":{"start":{"line":261,"column":21},"end":{"line":261,"column":78}},"type":"binary-expr","locations":[{"start":{"line":261,"column":21},"end":{"line":261,"column":72}},{"start":{"line":261,"column":76},"end":{"line":261,"column":78}}]},"4":{"loc":{"start":{"line":264,"column":4},"end":{"line":264,"column":77}},"type":"if","locations":[{"start":{"line":264,"column":4},"end":{"line":264,"column":77}}]},"5":{"loc":{"start":{"line":265,"column":4},"end":{"line":265,"column":82}},"type":"if","locations":[{"start":{"line":265,"column":4},"end":{"line":265,"column":82}}]}},"s":{"0":2,"1":2,"2":2,"3":2,"4":2,"5":2,"6":2,"7":2,"8":2,"9":2,"10":2,"11":2,"12":24,"13":2,"14":2,"15":2,"16":2,"17":2,"18":2,"19":1,"20":2,"21":1,"22":2,"23":2,"24":2},"f":{"0":2,"1":24,"2":2},"b":{"0":[2,1],"1":[2,1],"2":[2,1],"3":[2,1],"4":[1],"5":[1]}}
,"C:\\Users\\athit\\Demo Projects\\2-payflow-payment-app\\src\\app\\features\\transaction-history\\transaction-history.component.ts": {"path":"C:\\Users\\athit\\Demo Projects\\2-payflow-payment-app\\src\\app\\features\\transaction-history\\transaction-history.component.ts","statementMap":{"0":{"start":{"line":1,"column":0},"end":{"line":1,"column":66}},"1":{"start":{"line":2,"column":0},"end":{"line":2,"column":47}},"2":{"start":{"line":3,"column":0},"end":{"line":3,"column":45}},"3":{"start":{"line":4,"column":0},"end":{"line":4,"column":45}},"4":{"start":{"line":5,"column":0},"end":{"line":5,"column":69}},"5":{"start":{"line":221,"column":7},"end":{"line":293,"column":null}},"6":{"start":{"line":222,"column":10},"end":{"line":222,"column":50}},"7":{"start":{"line":224,"column":2},"end":{"line":224,"column":43}},"8":{"start":{"line":225,"column":2},"end":{"line":225,"column":25}},"9":{"start":{"line":226,"column":2},"end":{"line":226,"column":20}},"10":{"start":{"line":227,"column":2},"end":{"line":227,"column":28}},"11":{"start":{"line":228,"column":2},"end":{"line":228,"column":11}},"12":{"start":{"line":229,"column":2},"end":{"line":229,"column":20}},"13":{"start":{"line":231,"column":2},"end":{"line":236,"column":4}},"14":{"start":{"line":239,"column":4},"end":{"line":239,"column":28}},"15":{"start":{"line":243,"column":4},"end":{"line":243,"column":27}},"16":{"start":{"line":244,"column":4},"end":{"line":244,"column":18}},"17":{"start":{"line":245,"column":4},"end":{"line":260,"column":7}},"18":{"start":{"line":247,"column":8},"end":{"line":247,"column":48}},"19":{"start":{"line":248,"column":8},"end":{"line":248,"column":34}},"20":{"start":{"line":249,"column":8},"end":{"line":249,"column":34}},"21":{"start":{"line":250,"column":8},"end":{"line":250,"column":32}},"22":{"start":{"line":251,"column":8},"end":{"line":251,"column":43}},"23":{"start":{"line":254,"column":8},"end":{"line":254,"column":34}},"24":{"start":{"line":255,"column":8},"end":{"line":255,"column":26}},"25":{"start":{"line":256,"column":8},"end":{"line":256,"column":33}},"26":{"start":{"line":257,"column":8},"end":{"line":257,"column":32}},"27":{"start":{"line":258,"column":8},"end":{"line":258,"column":29}},"28":{"start":{"line":264,"column":4},"end":{"line":264,"column":16}},"29":{"start":{"line":265,"column":4},"end":{"line":269,"column":7}},"30":{"start":{"line":267,"column":8},"end":{"line":267,"column":79}},"31":{"start":{"line":267,"column":44},"end":{"line":267,"column":77}},"32":{"start":{"line":273,"column":40},"end":{"line":278,"column":6}},"33":{"start":{"line":279,"column":4},"end":{"line":279,"column":29}},"34":{"start":{"line":283,"column":20},"end":{"line":283,"column":60}},"35":{"start":{"line":283,"column":37},"end":{"line":283,"column":59}},"36":{"start":{"line":284,"column":20},"end":{"line":284,"column":59}},"37":{"start":{"line":284,"column":37},"end":{"line":284,"column":58}},"38":{"start":{"line":285,"column":20},"end":{"line":285,"column":65}},"39":{"start":{"line":285,"column":47},"end":{"line":285,"column":61}},"40":{"start":{"line":287,"column":4},"end":{"line":287,"column":47}},"41":{"start":{"line":288,"column":4},"end":{"line":288,"column":49}},"42":{"start":{"line":289,"column":4},"end":{"line":289,"column":48}},"43":{"start":{"line":290,"column":4},"end":{"line":290,"column":94}},"44":{"start":{"line":221,"column":13},"end":{"line":221,"column":40}},"45":{"start":{"line":221,"column":13},"end":{"line":293,"column":null}}},"fnMap":{"0":{"name":"(anonymous_0)","decl":{"start":{"line":221,"column":7},"end":{"line":221,"column":13}},"loc":{"start":{"line":221,"column":7},"end":{"line":293,"column":1}}},"1":{"name":"(anonymous_1)","decl":{"start":{"line":238,"column":2},"end":{"line":238,"column":10}},"loc":{"start":{"line":238,"column":10},"end":{"line":240,"column":3}}},"2":{"name":"(anonymous_2)","decl":{"start":{"line":242,"column":2},"end":{"line":242,"column":18}},"loc":{"start":{"line":242,"column":18},"end":{"line":261,"column":3}}},"3":{"name":"(anonymous_3)","decl":{"start":{"line":246,"column":12},"end":{"line":246,"column":15}},"loc":{"start":{"line":246,"column":18},"end":{"line":252,"column":7}}},"4":{"name":"(anonymous_4)","decl":{"start":{"line":253,"column":13},"end":{"line":253,"column":16}},"loc":{"start":{"line":253,"column":18},"end":{"line":259,"column":7}}},"5":{"name":"(anonymous_5)","decl":{"start":{"line":263,"column":2},"end":{"line":263,"column":10}},"loc":{"start":{"line":263,"column":10},"end":{"line":270,"column":3}}},"6":{"name":"(anonymous_6)","decl":{"start":{"line":266,"column":12},"end":{"line":266,"column":15}},"loc":{"start":{"line":266,"column":18},"end":{"line":268,"column":7}}},"7":{"name":"(anonymous_7)","decl":{"start":{"line":267,"column":33},"end":{"line":267,"column":40}},"loc":{"start":{"line":267,"column":44},"end":{"line":267,"column":77}}},"8":{"name":"(anonymous_8)","decl":{"start":{"line":272,"column":2},"end":{"line":272,"column":15}},"loc":{"start":{"line":272,"column":30},"end":{"line":280,"column":3}}},"9":{"name":"(anonymous_9)","decl":{"start":{"line":282,"column":10},"end":{"line":282,"column":21}},"loc":{"start":{"line":282,"column":41},"end":{"line":291,"column":3}}},"10":{"name":"(anonymous_10)","decl":{"start":{"line":283,"column":32},"end":{"line":283,"column":33}},"loc":{"start":{"line":283,"column":37},"end":{"line":283,"column":59}}},"11":{"name":"(anonymous_11)","decl":{"start":{"line":284,"column":32},"end":{"line":284,"column":33}},"loc":{"start":{"line":284,"column":37},"end":{"line":284,"column":58}}},"12":{"name":"(anonymous_12)","decl":{"start":{"line":285,"column":35},"end":{"line":285,"column":36}},"loc":{"start":{"line":285,"column":47},"end":{"line":285,"column":61}}}},"branchMap":{"0":{"loc":{"start":{"line":245,"column":40},"end":{"line":245,"column":70}},"type":"binary-expr","locations":[{"start":{"line":245,"column":40},"end":{"line":245,"column":57}},{"start":{"line":245,"column":61},"end":{"line":245,"column":70}}]},"1":{"loc":{"start":{"line":265,"column":40},"end":{"line":265,"column":70}},"type":"binary-expr","locations":[{"start":{"line":265,"column":40},"end":{"line":265,"column":57}},{"start":{"line":265,"column":61},"end":{"line":265,"column":70}}]},"2":{"loc":{"start":{"line":279,"column":11},"end":{"line":279,"column":28}},"type":"binary-expr","locations":[{"start":{"line":279,"column":11},"end":{"line":279,"column":22}},{"start":{"line":279,"column":26},"end":{"line":279,"column":28}}]}},"s":{"0":2,"1":2,"2":2,"3":2,"4":2,"5":2,"6":2,"7":2,"8":2,"9":2,"10":2,"11":2,"12":2,"13":2,"14":2,"15":2,"16":2,"17":2,"18":1,"19":1,"20":1,"21":1,"22":1,"23":1,"24":1,"25":1,"26":1,"27":1,"28":1,"29":1,"30":1,"31":1,"32":2,"33":2,"34":2,"35":2,"36":2,"37":2,"38":2,"39":1,"40":2,"41":2,"42":2,"43":2,"44":2,"45":2},"f":{"0":2,"1":2,"2":2,"3":1,"4":1,"5":1,"6":1,"7":1,"8":2,"9":2,"10":2,"11":2,"12":1},"b":{"0":[2,2],"1":[1,1],"2":[2,1]}}
}
