TN:
SF:src\app\app.component.ts
FNF:0
FNH:0
DA:1,1
DA:2,1
DA:79,1
LF:3
LH:3
BRF:0
BRH:0
end_of_record
TN:
SF:src\app\app.config.ts
FNF:0
FNH:0
DA:1,1
DA:2,1
DA:3,1
DA:4,1
DA:5,1
DA:7,1
LF:6
LH:6
BRF:0
BRH:0
end_of_record
TN:
SF:src\app\app.routes.ts
FN:6,(anonymous_0)
FN:7,(anonymous_1)
FN:7,(anonymous_2)
FN:12,(anonymous_3)
FN:13,(anonymous_4)
FN:13,(anonymous_5)
FN:18,(anonymous_6)
FN:19,(anonymous_7)
FN:19,(anonymous_8)
FN:24,(anonymous_9)
FN:25,(anonymous_10)
FN:25,(anonymous_11)
FNF:12
FNH:12
FNDA:1,(anonymous_0)
FNDA:1,(anonymous_1)
FNDA:1,(anonymous_2)
FNDA:1,(anonymous_3)
FNDA:1,(anonymous_4)
FNDA:1,(anonymous_5)
FNDA:1,(anonymous_6)
FNDA:1,(anonymous_7)
FNDA:1,(anonymous_8)
FNDA:1,(anonymous_9)
FNDA:1,(anonymous_10)
FNDA:1,(anonymous_11)
DA:3,2
DA:7,1
DA:13,1
DA:19,1
DA:25,1
LF:5
LH:5
BRF:0
BRH:0
end_of_record
TN:
SF:src\app\core\services\payment.service.ts
FN:12,(anonymous_0)
FN:16,(anonymous_1)
FN:24,(anonymous_2)
FN:28,(anonymous_3)
FN:39,(anonymous_4)
FN:55,(anonymous_5)
FN:59,(anonymous_6)
FNF:7
FNH:7
FNDA:14,(anonymous_0)
FNDA:3,(anonymous_1)
FNDA:1,(anonymous_2)
FNDA:2,(anonymous_3)
FNDA:2,(anonymous_4)
FNDA:1,(anonymous_5)
FNDA:5,(anonymous_6)
DA:1,5
DA:2,5
DA:4,5
DA:12,5
DA:13,14
DA:14,14
DA:17,3
DA:25,1
DA:36,2
DA:45,2
DA:46,2
DA:47,1
DA:49,2
DA:50,1
DA:52,2
DA:56,1
DA:60,5
DA:61,5
DA:62,5
LF:19
LH:19
BRDA:16,0,0,1
BRDA:20,1,0,1
BRDA:20,1,1,2
BRDA:46,2,0,1
BRDA:49,3,0,1
BRDA:59,4,0,2
BRDA:59,5,0,2
BRDA:61,6,0,2
BRF:8
BRH:8
end_of_record
TN:
SF:src\app\features\failure\failure.component.ts
FN:144,(anonymous_0)
FN:153,(anonymous_1)
FN:163,(anonymous_2)
FN:170,(anonymous_3)
FN:174,(anonymous_4)
FN:178,(anonymous_5)
FN:180,(anonymous_6)
FNF:7
FNH:7
FNDA:4,(anonymous_0)
FNDA:4,(anonymous_1)
FNDA:5,(anonymous_2)
FNDA:1,(anonymous_3)
FNDA:1,(anonymous_4)
FNDA:3,(anonymous_5)
FNDA:123,(anonymous_6)
DA:1,2
DA:2,2
DA:3,2
DA:144,2
DA:145,4
DA:147,4
DA:148,4
DA:149,4
DA:150,4
DA:151,4
DA:154,4
DA:155,4
DA:156,4
DA:157,4
DA:158,4
DA:159,3
DA:164,5
DA:165,2
DA:166,2
DA:171,1
DA:175,1
DA:179,3
DA:180,3
DA:181,123
DA:182,123
DA:183,1
DA:184,1
DA:187,3
DA:188,3
LF:29
LH:29
BRDA:155,0,0,3
BRDA:156,1,0,4
BRDA:156,1,1,1
BRDA:157,2,0,4
BRDA:157,2,1,1
BRDA:158,3,0,3
BRDA:164,4,0,2
BRDA:182,5,0,1
BRDA:182,6,0,123
BRDA:182,6,1,1
BRF:10
BRH:10
end_of_record
TN:
SF:src\app\features\payment-form\payment-form.component.ts
FN:834,(anonymous_0)
FN:976,(anonymous_1)
FN:977,(anonymous_2)
FN:888,(anonymous_3)
FN:896,(anonymous_4)
FN:901,(anonymous_5)
FN:909,(anonymous_6)
FN:912,(anonymous_7)
FN:939,(anonymous_8)
FN:948,(anonymous_9)
FN:954,(anonymous_10)
FN:958,(anonymous_11)
FN:961,(anonymous_12)
FN:979,(anonymous_13)
FN:986,(anonymous_14)
FN:1046,(anonymous_15)
FN:1050,(anonymous_16)
FN:1057,(anonymous_17)
FN:1058,(anonymous_18)
FN:1059,(anonymous_19)
FN:1065,(anonymous_20)
FN:1073,(anonymous_21)
FN:1084,(anonymous_22)
FN:1100,(anonymous_23)
FN:1108,(anonymous_24)
FN:1125,(anonymous_25)
FN:1135,(anonymous_26)
FN:1139,(anonymous_27)
FN:1147,(anonymous_28)
FN:1154,(anonymous_29)
FN:1178,(anonymous_30)
FN:1243,(anonymous_31)
FN:1310,(anonymous_32)
FN:1312,(anonymous_33)
FN:1314,(anonymous_34)
FNF:35
FNH:35
FNDA:45,(anonymous_0)
FNDA:2,(anonymous_1)
FNDA:2,(anonymous_2)
FNDA:6,(anonymous_3)
FNDA:1,(anonymous_4)
FNDA:46,(anonymous_5)
FNDA:6,(anonymous_6)
FNDA:5,(anonymous_7)
FNDA:1,(anonymous_8)
FNDA:2,(anonymous_9)
FNDA:50,(anonymous_10)
FNDA:5,(anonymous_11)
FNDA:8,(anonymous_12)
FNDA:53,(anonymous_13)
FNDA:13,(anonymous_14)
FNDA:1,(anonymous_15)
FNDA:2,(anonymous_16)
FNDA:13,(anonymous_17)
FNDA:13,(anonymous_18)
FNDA:13,(anonymous_19)
FNDA:10,(anonymous_20)
FNDA:7,(anonymous_21)
FNDA:3,(anonymous_22)
FNDA:7,(anonymous_23)
FNDA:5,(anonymous_24)
FNDA:2,(anonymous_25)
FNDA:5,(anonymous_26)
FNDA:3,(anonymous_27)
FNDA:1,(anonymous_28)
FNDA:1,(anonymous_29)
FNDA:20,(anonymous_30)
FNDA:5,(anonymous_31)
FNDA:9,(anonymous_32)
FNDA:9,(anonymous_33)
FNDA:36,(anonymous_34)
DA:1,2
DA:11,2
DA:12,2
DA:13,2
DA:14,2
DA:15,2
DA:16,2
DA:17,2
DA:18,2
DA:19,2
DA:834,2
DA:837,45
DA:838,45
DA:839,45
DA:840,45
DA:843,45
DA:844,45
DA:847,45
DA:848,45
DA:849,45
DA:850,45
DA:851,45
DA:852,45
DA:853,45
DA:856,45
DA:857,45
DA:860,45
DA:861,45
DA:862,45
DA:863,45
DA:866,45
DA:868,45
DA:869,45
DA:870,45
DA:871,45
DA:872,45
DA:873,45
DA:875,45
DA:877,45
DA:879,45
DA:889,6
DA:890,6
DA:891,6
DA:892,6
DA:893,6
DA:898,1
DA:902,46
DA:903,46
DA:904,46
DA:910,6
DA:911,6
DA:913,5
DA:914,5
DA:915,5
DA:916,5
DA:918,5
DA:919,1
DA:920,1
DA:921,1
DA:925,4
DA:926,3
DA:927,3
DA:928,3
DA:929,2
DA:930,2
DA:931,1
DA:932,1
DA:935,1
DA:940,1
DA:943,1
DA:949,2
DA:955,50
DA:959,5
DA:960,5
DA:961,5
DA:962,8
DA:963,8
DA:964,8
DA:965,2
DA:966,2
DA:967,2
DA:968,1
DA:972,5
DA:973,5
DA:976,45
DA:977,45
DA:980,53
DA:981,5
DA:982,5
DA:987,13
DA:988,13
DA:990,4
DA:991,4
DA:992,4
DA:994,4
DA:1027,4
DA:1044,4
DA:1046,4
DA:1047,1
DA:1050,4
DA:1051,2
DA:1054,4
DA:1058,13
DA:1059,13
DA:1060,13
DA:1066,10
DA:1067,10
DA:1068,10
DA:1069,10
DA:1070,10
DA:1074,7
DA:1085,3
DA:1086,9
DA:1087,9
DA:1088,3
DA:1089,2
DA:1094,2
DA:1100,7
DA:1103,1
DA:1109,5
DA:1110,5
DA:1111,5
DA:1112,5
DA:1113,4
DA:1114,3
DA:1115,3
DA:1116,3
DA:1119,1
DA:1126,2
DA:1127,2
DA:1128,2
DA:1129,1
DA:1136,5
DA:1138,3
DA:1139,3
DA:1140,3
DA:1141,2
DA:1142,2
DA:1148,1
DA:1155,1
DA:1156,1
DA:1157,1
DA:1158,1
DA:1163,1
DA:1164,1
DA:1165,1
DA:1180,20
DA:1183,19
DA:1184,1
DA:1185,1
DA:1187,18
DA:1188,1
DA:1189,1
DA:1191,17
DA:1192,1
DA:1193,1
DA:1195,16
DA:1196,1
DA:1197,1
DA:1199,15
DA:1200,1
DA:1201,1
DA:1204,14
DA:1205,14
DA:1206,14
DA:1208,14
DA:1212,14
DA:1218,6
DA:1224,6
DA:1225,6
DA:1227,6
DA:1229,5
DA:1230,5
DA:1243,5
DA:1244,5
DA:1245,5
DA:1246,5
DA:1247,5
DA:1250,5
DA:1253,5
DA:1254,5
DA:1257,1
DA:1258,1
DA:1259,1
DA:1267,1
DA:1268,1
DA:1272,8
DA:1273,8
DA:1275,8
DA:1284,2
DA:1285,2
DA:1286,6
DA:1287,2
DA:1288,1
DA:1289,1
DA:1290,1
DA:1292,1
DA:1294,4
DA:1295,1
DA:1296,1
DA:1297,1
DA:1299,3
DA:1300,3
DA:1301,3
DA:1304,14
DA:1311,9
DA:1312,9
DA:1313,9
DA:1314,9
DA:1315,36
DA:1316,36
DA:1317,9
DA:1318,9
LF:213
LH:213
BRDA:891,0,0,6
BRDA:892,1,0,6
BRDA:893,2,0,6
BRDA:918,3,0,1
BRDA:925,4,0,3
BRDA:928,5,0,2
BRDA:928,5,1,1
BRDA:930,6,0,1
BRDA:949,7,0,1
BRDA:964,8,0,2
BRDA:967,9,0,1
BRDA:967,10,0,2
BRDA:967,10,1,2
BRDA:980,11,0,5
BRDA:988,12,0,9
BRDA:988,13,0,13
BRDA:988,13,1,13
BRDA:988,13,2,4
BRDA:1051,14,0,2
BRDA:1051,14,1,1
BRDA:1079,15,0,7
BRDA:1079,15,1,2
BRDA:1079,15,2,1
BRDA:1088,16,0,2
BRDA:1090,17,0,2
BRDA:1090,17,1,1
BRDA:1091,18,0,2
BRDA:1091,18,1,1
BRDA:1113,19,0,1
BRDA:1115,20,0,3
BRDA:1128,21,0,1
BRDA:1128,22,0,2
BRDA:1128,22,1,2
BRDA:1136,23,0,2
BRDA:1136,24,0,5
BRDA:1136,24,1,3
BRDA:1140,25,0,2
BRDA:1140,25,1,1
BRDA:1155,26,0,1
BRDA:1180,27,0,1
BRDA:1183,28,0,1
BRDA:1187,29,0,1
BRDA:1191,30,0,1
BRDA:1191,31,0,17
BRDA:1191,31,1,16
BRDA:1195,32,0,1
BRDA:1199,33,0,1
BRDA:1227,34,0,5
BRDA:1233,35,0,5
BRDA:1233,35,1,1
BRDA:1247,36,0,1
BRDA:1247,36,1,4
BRDA:1251,37,0,5
BRDA:1251,37,1,1
BRDA:1257,38,0,1
BRDA:1273,39,0,8
BRDA:1273,39,1,4
BRDA:1275,40,0,2
BRDA:1275,40,1,6
BRDA:1276,41,0,8
BRDA:1276,41,1,5
BRDA:1276,41,2,4
BRDA:1276,41,3,3
BRDA:1276,41,4,3
BRDA:1285,42,0,2
BRDA:1285,42,1,1
BRDA:1286,43,0,2
BRDA:1286,43,1,4
BRDA:1286,44,0,6
BRDA:1286,44,1,3
BRDA:1287,45,0,1
BRDA:1287,45,1,1
BRDA:1294,46,0,1
BRDA:1294,46,1,3
BRDA:1301,47,0,3
BRDA:1301,47,1,2
BRDA:1316,48,0,9
BRF:77
BRH:77
end_of_record
TN:
SF:src\app\features\success\success.component.ts
FN:243,(anonymous_0)
FN:252,(anonymous_1)
FN:257,(anonymous_2)
FNF:3
FNH:3
FNDA:2,(anonymous_0)
FNDA:24,(anonymous_1)
FNDA:2,(anonymous_2)
DA:1,2
DA:2,2
DA:3,2
DA:4,2
DA:243,2
DA:244,2
DA:246,2
DA:247,2
DA:248,2
DA:249,2
DA:250,2
DA:252,24
DA:258,2
DA:259,2
DA:260,2
DA:261,2
DA:263,2
DA:264,2
DA:265,2
DA:266,2
LF:20
LH:20
BRDA:258,0,0,2
BRDA:258,0,1,1
BRDA:259,1,0,2
BRDA:259,1,1,1
BRDA:260,2,0,2
BRDA:260,2,1,1
BRDA:261,3,0,2
BRDA:261,3,1,1
BRDA:264,4,0,1
BRDA:265,5,0,1
BRF:10
BRH:10
end_of_record
TN:
SF:src\app\features\transaction-history\transaction-history.component.ts
FN:221,(anonymous_0)
FN:238,(anonymous_1)
FN:242,(anonymous_2)
FN:246,(anonymous_3)
FN:253,(anonymous_4)
FN:263,(anonymous_5)
FN:266,(anonymous_6)
FN:267,(anonymous_7)
FN:272,(anonymous_8)
FN:282,(anonymous_9)
FN:283,(anonymous_10)
FN:284,(anonymous_11)
FN:285,(anonymous_12)
FNF:13
FNH:13
FNDA:2,(anonymous_0)
FNDA:2,(anonymous_1)
FNDA:2,(anonymous_2)
FNDA:1,(anonymous_3)
FNDA:1,(anonymous_4)
FNDA:1,(anonymous_5)
FNDA:1,(anonymous_6)
FNDA:1,(anonymous_7)
FNDA:2,(anonymous_8)
FNDA:2,(anonymous_9)
FNDA:2,(anonymous_10)
FNDA:2,(anonymous_11)
FNDA:1,(anonymous_12)
DA:1,2
DA:2,2
DA:3,2
DA:4,2
DA:5,2
DA:221,2
DA:222,2
DA:224,2
DA:225,2
DA:226,2
DA:227,2
DA:228,2
DA:229,2
DA:231,2
DA:239,2
DA:243,2
DA:244,2
DA:245,2
DA:247,1
DA:248,1
DA:249,1
DA:250,1
DA:251,1
DA:254,1
DA:255,1
DA:256,1
DA:257,1
DA:258,1
DA:264,1
DA:265,1
DA:267,1
DA:273,2
DA:279,2
DA:283,2
DA:284,2
DA:285,2
DA:287,2
DA:288,2
DA:289,2
DA:290,2
LF:40
LH:40
BRDA:245,0,0,2
BRDA:245,0,1,2
BRDA:265,1,0,1
BRDA:265,1,1,1
BRDA:279,2,0,2
BRDA:279,2,1,1
BRF:6
BRH:6
end_of_record
