TN:
SF:src\app\app.component.ts
FNF:0
FNH:0
DA:1,0
DA:2,0
DA:79,0
LF:3
LH:0
BRF:0
BRH:0
end_of_record
TN:
SF:src\app\app.config.ts
FNF:0
FNH:0
DA:1,0
DA:2,0
DA:3,0
DA:4,0
DA:5,0
DA:7,0
LF:6
LH:0
BRF:0
BRH:0
end_of_record
TN:
SF:src\app\app.routes.ts
FN:6,(anonymous_0)
FN:7,(anonymous_1)
FN:7,(anonymous_2)
FN:12,(anonymous_3)
FN:13,(anonymous_4)
FN:13,(anonymous_5)
FN:18,(anonymous_6)
FN:19,(anonymous_7)
FN:19,(anonymous_8)
FN:24,(anonymous_9)
FN:25,(anonymous_10)
FN:25,(anonymous_11)
FNF:12
FNH:0
FNDA:0,(anonymous_0)
FNDA:0,(anonymous_1)
FNDA:0,(anonymous_2)
FNDA:0,(anonymous_3)
FNDA:0,(anonymous_4)
FNDA:0,(anonymous_5)
FNDA:0,(anonymous_6)
FNDA:0,(anonymous_7)
FNDA:0,(anonymous_8)
FNDA:0,(anonymous_9)
FNDA:0,(anonymous_10)
FNDA:0,(anonymous_11)
DA:3,0
DA:7,0
DA:13,0
DA:19,0
DA:25,0
LF:5
LH:0
BRF:0
BRH:0
end_of_record
TN:
SF:src\app\core\services\payment.service.ts
FN:31,(anonymous_0)
FN:35,(anonymous_1)
FN:43,(anonymous_2)
FN:47,(anonymous_3)
FN:58,(anonymous_4)
FN:74,(anonymous_5)
FN:78,(anonymous_6)
FNF:7
FNH:0
FNDA:0,(anonymous_0)
FNDA:0,(anonymous_1)
FNDA:0,(anonymous_2)
FNDA:0,(anonymous_3)
FNDA:0,(anonymous_4)
FNDA:0,(anonymous_5)
FNDA:0,(anonymous_6)
DA:1,1
DA:2,1
DA:4,1
DA:31,1
DA:32,0
DA:33,0
DA:36,0
DA:44,0
DA:55,0
DA:64,0
DA:65,0
DA:66,0
DA:68,0
DA:69,0
DA:71,0
DA:75,0
DA:79,0
DA:80,0
DA:81,0
LF:19
LH:4
BRDA:35,0,0,0
BRDA:39,1,0,0
BRDA:39,1,1,0
BRDA:65,2,0,0
BRDA:68,3,0,0
BRDA:78,4,0,0
BRDA:78,5,0,0
BRDA:80,6,0,0
BRF:8
BRH:0
end_of_record
TN:
SF:src\app\features\failure\failure.component.ts
FN:144,(anonymous_0)
FN:153,(anonymous_1)
FN:163,(anonymous_2)
FN:170,(anonymous_3)
FN:174,(anonymous_4)
FN:178,(anonymous_5)
FN:180,(anonymous_6)
FNF:7
FNH:0
FNDA:0,(anonymous_0)
FNDA:0,(anonymous_1)
FNDA:0,(anonymous_2)
FNDA:0,(anonymous_3)
FNDA:0,(anonymous_4)
FNDA:0,(anonymous_5)
FNDA:0,(anonymous_6)
DA:1,0
DA:2,0
DA:3,0
DA:144,0
DA:145,0
DA:147,0
DA:148,0
DA:149,0
DA:150,0
DA:151,0
DA:154,0
DA:155,0
DA:156,0
DA:157,0
DA:158,0
DA:159,0
DA:164,0
DA:165,0
DA:166,0
DA:171,0
DA:175,0
DA:179,0
DA:180,0
DA:181,0
DA:182,0
DA:183,0
DA:184,0
DA:187,0
DA:188,0
LF:29
LH:0
BRDA:155,0,0,0
BRDA:156,1,0,0
BRDA:156,1,1,0
BRDA:157,2,0,0
BRDA:157,2,1,0
BRDA:158,3,0,0
BRDA:164,4,0,0
BRDA:182,5,0,0
BRDA:182,6,0,0
BRDA:182,6,1,0
BRF:10
BRH:0
end_of_record
TN:
SF:src\app\features\payment-form\payment-form.component.ts
FN:865,(anonymous_0)
FN:1007,(anonymous_1)
FN:1008,(anonymous_2)
FN:919,(anonymous_3)
FN:927,(anonymous_4)
FN:932,(anonymous_5)
FN:940,(anonymous_6)
FN:943,(anonymous_7)
FN:970,(anonymous_8)
FN:979,(anonymous_9)
FN:985,(anonymous_10)
FN:989,(anonymous_11)
FN:992,(anonymous_12)
FN:1010,(anonymous_13)
FN:1017,(anonymous_14)
FN:1077,(anonymous_15)
FN:1081,(anonymous_16)
FN:1088,(anonymous_17)
FN:1089,(anonymous_18)
FN:1090,(anonymous_19)
FN:1096,(anonymous_20)
FN:1104,(anonymous_21)
FN:1115,(anonymous_22)
FN:1131,(anonymous_23)
FN:1139,(anonymous_24)
FN:1156,(anonymous_25)
FN:1166,(anonymous_26)
FN:1170,(anonymous_27)
FN:1178,(anonymous_28)
FN:1185,(anonymous_29)
FN:1209,(anonymous_30)
FN:1274,(anonymous_31)
FN:1360,(anonymous_32)
FN:1362,(anonymous_33)
FN:1364,(anonymous_34)
FNF:35
FNH:35
FNDA:47,(anonymous_0)
FNDA:2,(anonymous_1)
FNDA:2,(anonymous_2)
FNDA:6,(anonymous_3)
FNDA:1,(anonymous_4)
FNDA:48,(anonymous_5)
FNDA:6,(anonymous_6)
FNDA:5,(anonymous_7)
FNDA:1,(anonymous_8)
FNDA:2,(anonymous_9)
FNDA:52,(anonymous_10)
FNDA:5,(anonymous_11)
FNDA:8,(anonymous_12)
FNDA:55,(anonymous_13)
FNDA:14,(anonymous_14)
FNDA:1,(anonymous_15)
FNDA:2,(anonymous_16)
FNDA:14,(anonymous_17)
FNDA:14,(anonymous_18)
FNDA:14,(anonymous_19)
FNDA:11,(anonymous_20)
FNDA:7,(anonymous_21)
FNDA:3,(anonymous_22)
FNDA:7,(anonymous_23)
FNDA:5,(anonymous_24)
FNDA:2,(anonymous_25)
FNDA:5,(anonymous_26)
FNDA:3,(anonymous_27)
FNDA:1,(anonymous_28)
FNDA:1,(anonymous_29)
FNDA:22,(anonymous_30)
FNDA:5,(anonymous_31)
FNDA:11,(anonymous_32)
FNDA:11,(anonymous_33)
FNDA:44,(anonymous_34)
DA:1,1
DA:11,1
DA:12,1
DA:13,1
DA:14,1
DA:15,1
DA:16,1
DA:17,1
DA:18,1
DA:19,1
DA:865,1
DA:868,47
DA:869,47
DA:870,47
DA:871,47
DA:874,47
DA:875,47
DA:878,47
DA:879,47
DA:880,47
DA:881,47
DA:882,47
DA:883,47
DA:884,47
DA:887,47
DA:888,47
DA:891,47
DA:892,47
DA:893,47
DA:894,47
DA:897,47
DA:899,47
DA:900,47
DA:901,47
DA:902,47
DA:903,47
DA:904,47
DA:906,47
DA:908,47
DA:910,47
DA:920,6
DA:921,6
DA:922,6
DA:923,6
DA:924,6
DA:929,1
DA:933,48
DA:934,48
DA:935,48
DA:941,6
DA:942,6
DA:944,5
DA:945,5
DA:946,5
DA:947,5
DA:949,5
DA:950,1
DA:951,1
DA:952,1
DA:956,4
DA:957,3
DA:958,3
DA:959,3
DA:960,2
DA:961,2
DA:962,1
DA:963,1
DA:966,1
DA:971,1
DA:974,1
DA:980,2
DA:986,52
DA:990,5
DA:991,5
DA:992,5
DA:993,8
DA:994,8
DA:995,8
DA:996,2
DA:997,2
DA:998,2
DA:999,1
DA:1003,5
DA:1004,5
DA:1007,47
DA:1008,47
DA:1011,55
DA:1012,5
DA:1013,5
DA:1018,14
DA:1019,14
DA:1021,4
DA:1022,4
DA:1023,4
DA:1025,4
DA:1058,4
DA:1075,4
DA:1077,4
DA:1078,1
DA:1081,4
DA:1082,2
DA:1085,4
DA:1089,14
DA:1090,14
DA:1091,14
DA:1097,11
DA:1098,11
DA:1099,11
DA:1100,11
DA:1101,11
DA:1105,7
DA:1116,3
DA:1117,9
DA:1118,9
DA:1119,3
DA:1120,2
DA:1125,2
DA:1131,7
DA:1134,1
DA:1140,5
DA:1141,5
DA:1142,5
DA:1143,5
DA:1144,4
DA:1145,3
DA:1146,3
DA:1147,3
DA:1150,1
DA:1157,2
DA:1158,2
DA:1159,2
DA:1160,1
DA:1167,5
DA:1169,3
DA:1170,3
DA:1171,3
DA:1172,2
DA:1173,2
DA:1179,1
DA:1186,1
DA:1187,1
DA:1188,1
DA:1189,1
DA:1194,1
DA:1195,1
DA:1196,1
DA:1211,22
DA:1214,21
DA:1215,1
DA:1216,1
DA:1218,20
DA:1219,1
DA:1220,1
DA:1222,19
DA:1223,1
DA:1224,1
DA:1226,18
DA:1227,1
DA:1228,1
DA:1230,17
DA:1231,1
DA:1232,1
DA:1235,16
DA:1236,16
DA:1237,16
DA:1239,16
DA:1243,16
DA:1249,8
DA:1255,8
DA:1256,8
DA:1258,8
DA:1260,5
DA:1261,5
DA:1274,5
DA:1275,5
DA:1276,5
DA:1277,5
DA:1278,5
DA:1281,5
DA:1284,5
DA:1285,5
DA:1288,3
DA:1289,3
DA:1290,3
DA:1298,3
DA:1299,1
DA:1300,1
DA:1305,1
DA:1308,2
DA:1309,1
DA:1310,1
DA:1313,1
DA:1314,1
DA:1315,1
DA:1321,8
DA:1322,8
DA:1323,8
DA:1325,8
DA:1334,2
DA:1335,2
DA:1336,6
DA:1337,2
DA:1338,1
DA:1339,1
DA:1340,1
DA:1342,1
DA:1344,4
DA:1345,1
DA:1346,1
DA:1347,1
DA:1349,3
DA:1350,3
DA:1351,3
DA:1354,16
DA:1361,11
DA:1362,11
DA:1363,11
DA:1364,11
DA:1365,44
DA:1366,44
DA:1367,11
DA:1368,11
LF:222
LH:222
BRDA:922,0,0,6
BRDA:923,1,0,6
BRDA:924,2,0,6
BRDA:949,3,0,1
BRDA:956,4,0,3
BRDA:959,5,0,2
BRDA:959,5,1,1
BRDA:961,6,0,1
BRDA:980,7,0,1
BRDA:995,8,0,2
BRDA:998,9,0,1
BRDA:998,10,0,2
BRDA:998,10,1,2
BRDA:1011,11,0,5
BRDA:1019,12,0,10
BRDA:1019,13,0,14
BRDA:1019,13,1,14
BRDA:1019,13,2,4
BRDA:1082,14,0,2
BRDA:1082,14,1,1
BRDA:1110,15,0,7
BRDA:1110,15,1,2
BRDA:1110,15,2,1
BRDA:1119,16,0,2
BRDA:1121,17,0,2
BRDA:1121,17,1,1
BRDA:1122,18,0,2
BRDA:1122,18,1,1
BRDA:1144,19,0,1
BRDA:1146,20,0,3
BRDA:1159,21,0,1
BRDA:1159,22,0,2
BRDA:1159,22,1,2
BRDA:1167,23,0,2
BRDA:1167,24,0,5
BRDA:1167,24,1,3
BRDA:1171,25,0,2
BRDA:1171,25,1,1
BRDA:1186,26,0,1
BRDA:1211,27,0,1
BRDA:1214,28,0,1
BRDA:1218,29,0,1
BRDA:1222,30,0,1
BRDA:1222,31,0,19
BRDA:1222,31,1,18
BRDA:1226,32,0,1
BRDA:1230,33,0,1
BRDA:1258,34,0,5
BRDA:1264,35,0,5
BRDA:1264,35,1,1
BRDA:1278,36,0,1
BRDA:1278,36,1,4
BRDA:1282,37,0,5
BRDA:1282,37,1,1
BRDA:1288,38,0,3
BRDA:1298,39,0,1
BRDA:1308,40,0,1
BRDA:1323,41,0,8
BRDA:1323,41,1,4
BRDA:1325,42,0,2
BRDA:1325,42,1,6
BRDA:1326,43,0,8
BRDA:1326,43,1,5
BRDA:1326,43,2,4
BRDA:1326,43,3,3
BRDA:1326,43,4,3
BRDA:1335,44,0,2
BRDA:1335,44,1,1
BRDA:1336,45,0,2
BRDA:1336,45,1,4
BRDA:1336,46,0,6
BRDA:1336,46,1,3
BRDA:1337,47,0,1
BRDA:1337,47,1,1
BRDA:1344,48,0,1
BRDA:1344,48,1,3
BRDA:1351,49,0,3
BRDA:1351,49,1,2
BRDA:1366,50,0,11
BRF:79
BRH:79
end_of_record
TN:
SF:src\app\features\success\success.component.ts
FN:243,(anonymous_0)
FN:252,(anonymous_1)
FN:257,(anonymous_2)
FNF:3
FNH:0
FNDA:0,(anonymous_0)
FNDA:0,(anonymous_1)
FNDA:0,(anonymous_2)
DA:1,0
DA:2,0
DA:3,0
DA:4,0
DA:243,0
DA:244,0
DA:246,0
DA:247,0
DA:248,0
DA:249,0
DA:250,0
DA:252,0
DA:258,0
DA:259,0
DA:260,0
DA:261,0
DA:263,0
DA:264,0
DA:265,0
DA:266,0
LF:20
LH:0
BRDA:258,0,0,0
BRDA:258,0,1,0
BRDA:259,1,0,0
BRDA:259,1,1,0
BRDA:260,2,0,0
BRDA:260,2,1,0
BRDA:261,3,0,0
BRDA:261,3,1,0
BRDA:264,4,0,0
BRDA:265,5,0,0
BRF:10
BRH:0
end_of_record
TN:
SF:src\app\features\transaction-history\transaction-history.component.ts
FN:221,(anonymous_0)
FN:238,(anonymous_1)
FN:242,(anonymous_2)
FN:246,(anonymous_3)
FN:253,(anonymous_4)
FN:263,(anonymous_5)
FN:266,(anonymous_6)
FN:267,(anonymous_7)
FN:272,(anonymous_8)
FN:282,(anonymous_9)
FN:283,(anonymous_10)
FN:284,(anonymous_11)
FN:285,(anonymous_12)
FNF:13
FNH:0
FNDA:0,(anonymous_0)
FNDA:0,(anonymous_1)
FNDA:0,(anonymous_2)
FNDA:0,(anonymous_3)
FNDA:0,(anonymous_4)
FNDA:0,(anonymous_5)
FNDA:0,(anonymous_6)
FNDA:0,(anonymous_7)
FNDA:0,(anonymous_8)
FNDA:0,(anonymous_9)
FNDA:0,(anonymous_10)
FNDA:0,(anonymous_11)
FNDA:0,(anonymous_12)
DA:1,0
DA:2,0
DA:3,0
DA:4,0
DA:5,0
DA:221,0
DA:222,0
DA:224,0
DA:225,0
DA:226,0
DA:227,0
DA:228,0
DA:229,0
DA:231,0
DA:239,0
DA:243,0
DA:244,0
DA:245,0
DA:247,0
DA:248,0
DA:249,0
DA:250,0
DA:251,0
DA:254,0
DA:255,0
DA:256,0
DA:257,0
DA:258,0
DA:264,0
DA:265,0
DA:267,0
DA:273,0
DA:279,0
DA:283,0
DA:284,0
DA:285,0
DA:287,0
DA:288,0
DA:289,0
DA:290,0
LF:40
LH:0
BRDA:245,0,0,0
BRDA:245,0,1,0
BRDA:265,1,0,0
BRDA:265,1,1,0
BRDA:279,2,0,0
BRDA:279,2,1,0
BRF:6
BRH:0
end_of_record
